2025-11-20 11:56:27,179 - INFO - utils - --- Logging System Initialized ---
2025-11-20 11:56:44,291 - INFO - worker - WORKER: Starting analysis cycle...
2025-11-20 11:56:44,314 - INFO - wallex - INGEST: Requesting ETHUSDT from Wallex (Timeout: 15s)...
2025-11-20 11:56:44,875 - INFO - wallex - WALLEX: Data received for ETHUSDT. Rows: 2020
2025-11-20 11:56:51,092 - INFO - sentiment - NLP: Attempting to fetch RSS from CoinTelegraph...
2025-11-20 11:56:51,666 - INFO - sentiment - NLP: Successfully parsed 10 real news items.
2025-11-20 11:56:51,667 - INFO - sentiment - NLP: Using 10 real news items.
2025-11-20 11:56:51,712 - INFO - worker - DOCTOR: System Checkup Saved. RAM: 677.1MB | Latency: 7397.0ms
2025-11-20 11:57:14,283 - INFO - worker - WORKER: Starting analysis cycle...
2025-11-20 11:57:14,288 - INFO - wallex - INGEST: Requesting ETHUSDT from Wallex (Timeout: 15s)...
2025-11-20 11:57:14,844 - INFO - wallex - WALLEX: Data received for ETHUSDT. Rows: 2020
2025-11-20 11:57:15,255 - INFO - utils - --- Logging System Initialized ---
2025-11-20 11:57:15,264 - INFO - wallex - INGEST: Requesting ETHUSDT from Wallex (Timeout: 15s)...
2025-11-20 11:57:15,737 - INFO - wallex - WALLEX: Data received for ETHUSDT. Rows: 1020
2025-11-20 11:57:20,687 - INFO - sentiment - NLP: Attempting to fetch RSS from CoinTelegraph...
2025-11-20 11:57:21,408 - INFO - sentiment - NLP: Successfully parsed 10 real news items.
2025-11-20 11:57:21,408 - INFO - sentiment - NLP: Using 10 real news items.
2025-11-20 11:57:21,417 - INFO - worker - DOCTOR: System Checkup Saved. RAM: 644.9MB | Latency: 7132.0ms
2025-11-20 11:57:44,303 - INFO - worker - WORKER: Starting analysis cycle...
2025-11-20 11:57:44,309 - INFO - wallex - INGEST: Requesting ETHUSDT from Wallex (Timeout: 15s)...
2025-11-20 11:57:44,815 - INFO - wallex - WALLEX: Data received for ETHUSDT. Rows: 2020
2025-11-20 11:57:52,311 - INFO - sentiment - NLP: Attempting to fetch RSS from CoinTelegraph...
2025-11-20 11:57:52,746 - INFO - sentiment - NLP: Successfully parsed 10 real news items.
2025-11-20 11:57:52,747 - INFO - sentiment - NLP: Using 10 real news items.
2025-11-20 11:57:52,754 - INFO - worker - DOCTOR: System Checkup Saved. RAM: 656.2MB | Latency: 8451.0ms
2025-11-20 11:58:14,297 - INFO - worker - WORKER: Starting analysis cycle...
2025-11-20 11:58:14,303 - INFO - wallex - INGEST: Requesting ETHUSDT from Wallex (Timeout: 15s)...
2025-11-20 11:58:14,856 - INFO - wallex - WALLEX: Data received for ETHUSDT. Rows: 2020
2025-11-20 11:58:22,102 - INFO - sentiment - NLP: Attempting to fetch RSS from CoinTelegraph...
2025-11-20 11:58:22,634 - INFO - sentiment - NLP: Successfully parsed 10 real news items.
2025-11-20 11:58:22,635 - INFO - sentiment - NLP: Using 10 real news items.
2025-11-20 11:58:22,646 - INFO - worker - DOCTOR: System Checkup Saved. RAM: 680.4MB | Latency: 8348.0ms
2025-11-20 11:58:44,308 - INFO - worker - WORKER: Starting analysis cycle...
2025-11-20 11:58:44,312 - INFO - wallex - INGEST: Requesting ETHUSDT from Wallex (Timeout: 15s)...
2025-11-20 11:58:45,013 - INFO - wallex - WALLEX: Data received for ETHUSDT. Rows: 2020
2025-11-20 11:58:51,290 - INFO - sentiment - NLP: Attempting to fetch RSS from CoinTelegraph...
2025-11-20 11:58:51,795 - INFO - sentiment - NLP: Successfully parsed 10 real news items.
2025-11-20 11:58:51,795 - INFO - sentiment - NLP: Using 10 real news items.
2025-11-20 11:58:51,804 - INFO - worker - DOCTOR: System Checkup Saved. RAM: 728.7MB | Latency: 7495.0ms
2025-11-20 11:59:14,307 - INFO - worker - WORKER: Starting analysis cycle...
2025-11-20 11:59:14,313 - INFO - wallex - INGEST: Requesting ETHUSDT from Wallex (Timeout: 15s)...
2025-11-20 11:59:30,251 - CRITICAL - wallex - WALLEX CONNECTION FAILED: 
2025-11-20 11:59:30,252 - ERROR - worker - WORKER ERROR: 
Traceback (most recent call last):
  File "C:\Users\Sych\AppData\Local\Programs\Python\Python312\Lib\site-packages\aiohttp\client.py", line 779, in _request
    resp = await handler(req)
           ^^^^^^^^^^^^^^^^^^
  File "C:\Users\Sych\AppData\Local\Programs\Python\Python312\Lib\site-packages\aiohttp\client.py", line 734, in _connect_and_send_request
    conn = await self._connector.connect(
           ^^^^^^^^^^^^^^^^^^^^^^^^^^^^^^
  File "C:\Users\Sych\AppData\Local\Programs\Python\Python312\Lib\site-packages\aiohttp\connector.py", line 642, in connect
    proto = await self._create_connection(req, traces, timeout)
            ^^^^^^^^^^^^^^^^^^^^^^^^^^^^^^^^^^^^^^^^^^^^^^^^^^^
  File "C:\Users\Sych\AppData\Local\Programs\Python\Python312\Lib\site-packages\aiohttp\connector.py", line 1209, in _create_connection
    _, proto = await self._create_direct_connection(req, traces, timeout)
               ^^^^^^^^^^^^^^^^^^^^^^^^^^^^^^^^^^^^^^^^^^^^^^^^^^^^^^^^^^
  File "C:\Users\Sych\AppData\Local\Programs\Python\Python312\Lib\site-packages\aiohttp\connector.py", line 1550, in _create_direct_connection
    transp, proto = await self._wrap_create_connection(
                    ^^^^^^^^^^^^^^^^^^^^^^^^^^^^^^^^^^^
  File "C:\Users\Sych\AppData\Local\Programs\Python\Python312\Lib\site-packages\aiohttp\connector.py", line 1268, in _wrap_create_connection
    sock = await aiohappyeyeballs.start_connection(
           ^^^^^^^^^^^^^^^^^^^^^^^^^^^^^^^^^^^^^^^^
  File "C:\Users\Sych\AppData\Local\Programs\Python\Python312\Lib\site-packages\aiohappyeyeballs\impl.py", line 73, in start_connection
    sock = await _connect_sock(
           ^^^^^^^^^^^^^^^^^^^^
  File "C:\Users\Sych\AppData\Local\Programs\Python\Python312\Lib\site-packages\aiohappyeyeballs\impl.py", line 208, in _connect_sock
    await loop.sock_connect(sock, address)
  File "C:\Users\Sych\AppData\Local\Programs\Python\Python312\Lib\asyncio\proactor_events.py", line 729, in sock_connect
    return await self._proactor.connect(sock, address)
           ^^^^^^^^^^^^^^^^^^^^^^^^^^^^^^^^^^^^^^^^^^^
asyncio.exceptions.CancelledError

The above exception was the direct cause of the following exception:

Traceback (most recent call last):
  File "D:\project\project_root\src\ui\worker.py", line 46, in run
    live_df = loop.run_until_complete(self._fetch_data())
              ^^^^^^^^^^^^^^^^^^^^^^^^^^^^^^^^^^^^^^^^^^^
  File "C:\Users\Sych\AppData\Local\Programs\Python\Python312\Lib\asyncio\base_events.py", line 687, in run_until_complete
    return future.result()
           ^^^^^^^^^^^^^^^
  File "D:\project\project_root\src\ui\worker.py", line 126, in _fetch_data
    return await exchange.fetch_ohlcv(self.symbol, timeframe="1h", limit=2000)
           ^^^^^^^^^^^^^^^^^^^^^^^^^^^^^^^^^^^^^^^^^^^^^^^^^^^^^^^^^^^^^^^^^^^
  File "D:\project\project_root\src\ingest\wallex.py", line 40, in fetch_ohlcv
    async with self.session.get(self.base_url, params=params, timeout=timeout) as response:
  File "C:\Users\Sych\AppData\Local\Programs\Python\Python312\Lib\site-packages\aiohttp\client.py", line 1510, in __aenter__
    self._resp: _RetType = await self._coro
                           ^^^^^^^^^^^^^^^^
  File "C:\Users\Sych\AppData\Local\Programs\Python\Python312\Lib\site-packages\aiohttp\client.py", line 624, in _request
    with timer:
  File "C:\Users\Sych\AppData\Local\Programs\Python\Python312\Lib\site-packages\aiohttp\helpers.py", line 713, in __exit__
    raise asyncio.TimeoutError from exc_val
TimeoutError
2025-11-20 11:59:44,329 - INFO - worker - WORKER: Starting analysis cycle...
2025-11-20 11:59:44,337 - INFO - wallex - INGEST: Requesting ETHUSDT from Wallex (Timeout: 15s)...
2025-11-20 11:59:44,884 - INFO - wallex - WALLEX: Data received for ETHUSDT. Rows: 2020
2025-11-20 11:59:50,013 - INFO - sentiment - NLP: Attempting to fetch RSS from CoinTelegraph...
2025-11-20 11:59:50,491 - INFO - sentiment - NLP: Successfully parsed 10 real news items.
2025-11-20 11:59:50,492 - INFO - sentiment - NLP: Using 10 real news items.
2025-11-20 11:59:50,505 - INFO - worker - DOCTOR: System Checkup Saved. RAM: 756.6MB | Latency: 6174.0ms
2025-11-20 12:00:14,331 - INFO - worker - WORKER: Starting analysis cycle...
2025-11-20 12:00:14,335 - INFO - wallex - INGEST: Requesting ETHUSDT from Wallex (Timeout: 15s)...
2025-11-20 12:00:14,859 - INFO - wallex - WALLEX: Data received for ETHUSDT. Rows: 2020
2025-11-20 12:00:19,919 - INFO - sentiment - NLP: Attempting to fetch RSS from CoinTelegraph...
2025-11-20 12:00:20,446 - INFO - sentiment - NLP: Successfully parsed 10 real news items.
2025-11-20 12:00:20,448 - INFO - sentiment - NLP: Using 10 real news items.
2025-11-20 12:00:20,461 - INFO - worker - DOCTOR: System Checkup Saved. RAM: 782.7MB | Latency: 6129.0ms
2025-11-20 12:00:44,327 - INFO - worker - WORKER: Starting analysis cycle...
2025-11-20 12:00:44,331 - INFO - wallex - INGEST: Requesting ETHUSDT from Wallex (Timeout: 15s)...
2025-11-20 12:00:44,880 - INFO - wallex - WALLEX: Data received for ETHUSDT. Rows: 2020
2025-11-20 12:00:50,265 - INFO - sentiment - NLP: Attempting to fetch RSS from CoinTelegraph...
2025-11-20 12:00:51,034 - INFO - sentiment - NLP: Successfully parsed 10 real news items.
2025-11-20 12:00:51,035 - INFO - sentiment - NLP: Using 10 real news items.
2025-11-20 12:00:51,044 - INFO - worker - DOCTOR: System Checkup Saved. RAM: 808.2MB | Latency: 6717.0ms
2025-11-20 12:01:14,343 - INFO - worker - WORKER: Starting analysis cycle...
2025-11-20 12:01:14,347 - INFO - wallex - INGEST: Requesting ETHUSDT from Wallex (Timeout: 15s)...
2025-11-20 12:01:14,938 - INFO - wallex - WALLEX: Data received for ETHUSDT. Rows: 2020
2025-11-20 12:01:21,456 - INFO - sentiment - NLP: Attempting to fetch RSS from CoinTelegraph...
2025-11-20 12:01:21,988 - INFO - sentiment - NLP: Successfully parsed 10 real news items.
2025-11-20 12:01:21,989 - INFO - sentiment - NLP: Using 10 real news items.
2025-11-20 12:01:22,018 - INFO - worker - DOCTOR: System Checkup Saved. RAM: 800.3MB | Latency: 7673.0ms
2025-11-20 12:01:44,361 - INFO - worker - WORKER: Starting analysis cycle...
2025-11-20 12:01:44,366 - INFO - wallex - INGEST: Requesting ETHUSDT from Wallex (Timeout: 15s)...
2025-11-20 12:01:44,888 - INFO - wallex - WALLEX: Data received for ETHUSDT. Rows: 2020
2025-11-20 12:01:49,955 - INFO - sentiment - NLP: Attempting to fetch RSS from CoinTelegraph...
2025-11-20 12:01:50,396 - INFO - sentiment - NLP: Successfully parsed 10 real news items.
2025-11-20 12:01:50,397 - INFO - sentiment - NLP: Using 10 real news items.
2025-11-20 12:01:50,417 - INFO - worker - DOCTOR: System Checkup Saved. RAM: 788.5MB | Latency: 6054.0ms
2025-11-20 12:02:14,358 - INFO - worker - WORKER: Starting analysis cycle...
2025-11-20 12:02:14,362 - INFO - wallex - INGEST: Requesting ETHUSDT from Wallex (Timeout: 15s)...
2025-11-20 12:02:14,885 - INFO - wallex - WALLEX: Data received for ETHUSDT. Rows: 2020
2025-11-20 12:02:20,638 - INFO - sentiment - NLP: Attempting to fetch RSS from CoinTelegraph...
2025-11-20 12:02:21,234 - INFO - sentiment - NLP: Successfully parsed 10 real news items.
2025-11-20 12:02:21,235 - INFO - sentiment - NLP: Using 10 real news items.
2025-11-20 12:02:21,244 - INFO - worker - DOCTOR: System Checkup Saved. RAM: 800.8MB | Latency: 6885.0ms
2025-11-20 12:02:44,374 - INFO - worker - WORKER: Starting analysis cycle...
2025-11-20 12:02:44,379 - INFO - wallex - INGEST: Requesting ETHUSDT from Wallex (Timeout: 15s)...
2025-11-20 12:02:44,890 - INFO - wallex - WALLEX: Data received for ETHUSDT. Rows: 2020
2025-11-20 12:02:50,720 - INFO - sentiment - NLP: Attempting to fetch RSS from CoinTelegraph...
2025-11-20 12:02:51,147 - INFO - sentiment - NLP: Successfully parsed 10 real news items.
2025-11-20 12:02:51,147 - INFO - sentiment - NLP: Using 10 real news items.
2025-11-20 12:02:51,155 - INFO - worker - DOCTOR: System Checkup Saved. RAM: 823.5MB | Latency: 6780.0ms
2025-11-20 12:03:14,388 - INFO - worker - WORKER: Starting analysis cycle...
2025-11-20 12:03:14,395 - INFO - wallex - INGEST: Requesting ETHUSDT from Wallex (Timeout: 15s)...
2025-11-20 12:03:14,925 - INFO - wallex - WALLEX: Data received for ETHUSDT. Rows: 2020
2025-11-20 12:03:20,452 - INFO - sentiment - NLP: Attempting to fetch RSS from CoinTelegraph...
2025-11-20 12:03:21,122 - INFO - sentiment - NLP: Successfully parsed 10 real news items.
2025-11-20 12:03:21,123 - INFO - sentiment - NLP: Using 10 real news items.
2025-11-20 12:03:21,133 - INFO - worker - DOCTOR: System Checkup Saved. RAM: 844.3MB | Latency: 6744.0ms
2025-11-20 12:03:44,396 - INFO - worker - WORKER: Starting analysis cycle...
2025-11-20 12:03:44,402 - INFO - wallex - INGEST: Requesting ETHUSDT from Wallex (Timeout: 15s)...
2025-11-20 12:03:44,953 - INFO - wallex - WALLEX: Data received for ETHUSDT. Rows: 2020
2025-11-20 12:03:50,344 - INFO - sentiment - NLP: Attempting to fetch RSS from CoinTelegraph...
2025-11-20 12:03:50,828 - INFO - sentiment - NLP: Successfully parsed 10 real news items.
2025-11-20 12:03:50,829 - INFO - sentiment - NLP: Using 10 real news items.
2025-11-20 12:03:50,842 - INFO - worker - DOCTOR: System Checkup Saved. RAM: 869.1MB | Latency: 6444.0ms
2025-11-20 12:04:14,397 - INFO - worker - WORKER: Starting analysis cycle...
2025-11-20 12:04:14,402 - INFO - wallex - INGEST: Requesting ETHUSDT from Wallex (Timeout: 15s)...
2025-11-20 12:04:15,022 - INFO - wallex - WALLEX: Data received for ETHUSDT. Rows: 2020
2025-11-20 12:04:20,739 - INFO - sentiment - NLP: Attempting to fetch RSS from CoinTelegraph...
2025-11-20 12:04:21,189 - INFO - sentiment - NLP: Successfully parsed 10 real news items.
2025-11-20 12:04:21,191 - INFO - sentiment - NLP: Using 10 real news items.
2025-11-20 12:04:21,202 - INFO - worker - DOCTOR: System Checkup Saved. RAM: 897.7MB | Latency: 6804.0ms
2025-11-20 12:04:44,408 - INFO - worker - WORKER: Starting analysis cycle...
2025-11-20 12:04:44,412 - INFO - wallex - INGEST: Requesting ETHUSDT from Wallex (Timeout: 15s)...
2025-11-20 12:04:44,929 - INFO - wallex - WALLEX: Data received for ETHUSDT. Rows: 2020
2025-11-20 12:04:51,253 - INFO - sentiment - NLP: Attempting to fetch RSS from CoinTelegraph...
2025-11-20 12:04:51,698 - INFO - sentiment - NLP: Successfully parsed 10 real news items.
2025-11-20 12:04:51,699 - INFO - sentiment - NLP: Using 10 real news items.
2025-11-20 12:04:51,709 - INFO - worker - DOCTOR: System Checkup Saved. RAM: 920.8MB | Latency: 7300.0ms
2025-11-20 12:05:14,403 - INFO - worker - WORKER: Starting analysis cycle...
2025-11-20 12:05:14,410 - INFO - wallex - INGEST: Requesting ETHUSDT from Wallex (Timeout: 15s)...
2025-11-20 12:05:14,968 - INFO - wallex - WALLEX: Data received for ETHUSDT. Rows: 2020
2025-11-20 12:05:21,299 - INFO - sentiment - NLP: Attempting to fetch RSS from CoinTelegraph...
2025-11-20 12:05:21,772 - INFO - sentiment - NLP: Successfully parsed 10 real news items.
2025-11-20 12:05:21,773 - INFO - sentiment - NLP: Using 10 real news items.
2025-11-20 12:05:21,784 - INFO - worker - DOCTOR: System Checkup Saved. RAM: 886.3MB | Latency: 7380.0ms
2025-11-20 12:05:44,425 - INFO - worker - WORKER: Starting analysis cycle...
2025-11-20 12:05:44,431 - INFO - wallex - INGEST: Requesting ETHUSDT from Wallex (Timeout: 15s)...
2025-11-20 12:05:45,004 - INFO - wallex - WALLEX: Data received for ETHUSDT. Rows: 2020
2025-11-20 12:05:50,817 - INFO - sentiment - NLP: Attempting to fetch RSS from CoinTelegraph...
2025-11-20 12:05:51,351 - INFO - sentiment - NLP: Successfully parsed 10 real news items.
2025-11-20 12:05:51,351 - INFO - sentiment - NLP: Using 10 real news items.
2025-11-20 12:05:51,362 - INFO - worker - DOCTOR: System Checkup Saved. RAM: 899.5MB | Latency: 6936.0ms
2025-11-20 12:06:14,433 - INFO - worker - WORKER: Starting analysis cycle...
2025-11-20 12:06:14,438 - INFO - wallex - INGEST: Requesting ETHUSDT from Wallex (Timeout: 15s)...
2025-11-20 12:06:15,024 - INFO - wallex - WALLEX: Data received for ETHUSDT. Rows: 2020
2025-11-20 12:06:20,991 - INFO - sentiment - NLP: Attempting to fetch RSS from CoinTelegraph...
2025-11-20 12:06:21,434 - INFO - sentiment - NLP: Successfully parsed 10 real news items.
2025-11-20 12:06:21,435 - INFO - sentiment - NLP: Using 10 real news items.
2025-11-20 12:06:21,445 - INFO - worker - DOCTOR: System Checkup Saved. RAM: 906.8MB | Latency: 7011.0ms
2025-11-20 12:06:44,437 - INFO - worker - WORKER: Starting analysis cycle...
2025-11-20 12:06:44,443 - INFO - wallex - INGEST: Requesting ETHUSDT from Wallex (Timeout: 15s)...
2025-11-20 12:06:44,996 - INFO - wallex - WALLEX: Data received for ETHUSDT. Rows: 2020
2025-11-20 12:06:50,843 - INFO - sentiment - NLP: Attempting to fetch RSS from CoinTelegraph...
2025-11-20 12:06:51,287 - INFO - sentiment - NLP: Successfully parsed 10 real news items.
2025-11-20 12:06:51,288 - INFO - sentiment - NLP: Using 10 real news items.
2025-11-20 12:06:51,299 - INFO - worker - DOCTOR: System Checkup Saved. RAM: 895.4MB | Latency: 6861.0ms
2025-11-20 12:07:14,448 - INFO - worker - WORKER: Starting analysis cycle...
2025-11-20 12:07:14,454 - INFO - wallex - INGEST: Requesting ETHUSDT from Wallex (Timeout: 15s)...
2025-11-20 12:07:15,939 - INFO - wallex - WALLEX: Data received for ETHUSDT. Rows: 2020
2025-11-20 12:07:22,147 - INFO - sentiment - NLP: Attempting to fetch RSS from CoinTelegraph...
2025-11-20 12:07:22,690 - INFO - sentiment - NLP: Successfully parsed 10 real news items.
2025-11-20 12:07:22,691 - INFO - sentiment - NLP: Using 10 real news items.
2025-11-20 12:07:22,702 - INFO - worker - DOCTOR: System Checkup Saved. RAM: 919.5MB | Latency: 8253.0ms
2025-11-20 12:07:44,454 - INFO - worker - WORKER: Starting analysis cycle...
2025-11-20 12:07:44,459 - INFO - wallex - INGEST: Requesting ETHUSDT from Wallex (Timeout: 15s)...
2025-11-20 12:07:45,074 - INFO - wallex - WALLEX: Data received for ETHUSDT. Rows: 2020
2025-11-20 12:07:50,777 - INFO - sentiment - NLP: Attempting to fetch RSS from CoinTelegraph...
2025-11-20 12:07:51,218 - INFO - sentiment - NLP: Successfully parsed 10 real news items.
2025-11-20 12:07:51,219 - INFO - sentiment - NLP: Using 10 real news items.
2025-11-20 12:07:51,233 - INFO - worker - DOCTOR: System Checkup Saved. RAM: 943.7MB | Latency: 6778.0ms
2025-11-20 12:08:14,469 - INFO - worker - WORKER: Starting analysis cycle...
2025-11-20 12:08:14,474 - INFO - wallex - INGEST: Requesting ETHUSDT from Wallex (Timeout: 15s)...
2025-11-20 12:08:15,100 - INFO - wallex - WALLEX: Data received for ETHUSDT. Rows: 2020
2025-11-20 12:08:21,447 - INFO - sentiment - NLP: Attempting to fetch RSS from CoinTelegraph...
2025-11-20 12:08:21,855 - INFO - sentiment - NLP: Successfully parsed 10 real news items.
2025-11-20 12:08:21,856 - INFO - sentiment - NLP: Using 10 real news items.
2025-11-20 12:08:21,867 - INFO - worker - DOCTOR: System Checkup Saved. RAM: 965.2MB | Latency: 7396.0ms
2025-11-20 12:08:44,474 - INFO - worker - WORKER: Starting analysis cycle...
2025-11-20 12:08:44,478 - INFO - wallex - INGEST: Requesting ETHUSDT from Wallex (Timeout: 15s)...
2025-11-20 12:08:47,088 - INFO - wallex - WALLEX: Data received for ETHUSDT. Rows: 2020
2025-11-20 12:08:54,121 - INFO - sentiment - NLP: Attempting to fetch RSS from CoinTelegraph...
2025-11-20 12:08:55,390 - INFO - sentiment - NLP: Successfully parsed 10 real news items.
2025-11-20 12:08:55,391 - INFO - sentiment - NLP: Using 10 real news items.
2025-11-20 12:08:55,402 - INFO - worker - DOCTOR: System Checkup Saved. RAM: 991.1MB | Latency: 10928.0ms
2025-11-20 12:09:14,483 - INFO - worker - WORKER: Starting analysis cycle...
2025-11-20 12:09:14,487 - INFO - wallex - INGEST: Requesting ETHUSDT from Wallex (Timeout: 15s)...
2025-11-20 12:09:15,032 - INFO - wallex - WALLEX: Data received for ETHUSDT. Rows: 2020
2025-11-20 12:09:21,091 - INFO - sentiment - NLP: Attempting to fetch RSS from CoinTelegraph...
2025-11-20 12:09:21,594 - INFO - sentiment - NLP: Successfully parsed 10 real news items.
2025-11-20 12:09:21,596 - INFO - sentiment - NLP: Using 10 real news items.
2025-11-20 12:09:21,605 - INFO - worker - DOCTOR: System Checkup Saved. RAM: 951.5MB | Latency: 7121.0ms
2025-11-20 12:09:44,465 - INFO - worker - WORKER: Starting analysis cycle...
2025-11-20 12:09:44,471 - INFO - wallex - INGEST: Requesting ETHUSDT from Wallex (Timeout: 15s)...
2025-11-20 12:09:45,055 - INFO - wallex - WALLEX: Data received for ETHUSDT. Rows: 2020
2025-11-20 12:09:50,783 - INFO - sentiment - NLP: Attempting to fetch RSS from CoinTelegraph...
2025-11-20 12:09:51,326 - INFO - sentiment - NLP: Successfully parsed 10 real news items.
2025-11-20 12:09:51,327 - INFO - sentiment - NLP: Using 10 real news items.
2025-11-20 12:09:51,334 - INFO - worker - DOCTOR: System Checkup Saved. RAM: 966.9MB | Latency: 6868.0ms
2025-11-20 12:10:14,466 - INFO - worker - WORKER: Starting analysis cycle...
2025-11-20 12:10:14,472 - INFO - wallex - INGEST: Requesting ETHUSDT from Wallex (Timeout: 15s)...
2025-11-20 12:10:15,022 - INFO - wallex - WALLEX: Data received for ETHUSDT. Rows: 2020
2025-11-20 12:10:21,012 - INFO - sentiment - NLP: Attempting to fetch RSS from CoinTelegraph...
2025-11-20 12:10:21,448 - INFO - sentiment - NLP: Successfully parsed 10 real news items.
2025-11-20 12:10:21,449 - INFO - sentiment - NLP: Using 10 real news items.
2025-11-20 12:10:21,458 - INFO - worker - DOCTOR: System Checkup Saved. RAM: 984.4MB | Latency: 6991.0ms
2025-11-20 12:10:44,465 - INFO - worker - WORKER: Starting analysis cycle...
2025-11-20 12:10:44,470 - INFO - wallex - INGEST: Requesting ETHUSDT from Wallex (Timeout: 15s)...
2025-11-20 12:10:45,149 - INFO - wallex - WALLEX: Data received for ETHUSDT. Rows: 2020
2025-11-20 12:10:51,578 - INFO - sentiment - NLP: Attempting to fetch RSS from CoinTelegraph...
2025-11-20 12:10:52,037 - INFO - sentiment - NLP: Successfully parsed 10 real news items.
2025-11-20 12:10:52,038 - INFO - sentiment - NLP: Using 10 real news items.
2025-11-20 12:10:52,048 - INFO - worker - DOCTOR: System Checkup Saved. RAM: 999.9MB | Latency: 7582.0ms
2025-11-20 12:11:14,476 - INFO - worker - WORKER: Starting analysis cycle...
2025-11-20 12:11:14,482 - INFO - wallex - INGEST: Requesting ETHUSDT from Wallex (Timeout: 15s)...
2025-11-20 12:11:15,077 - INFO - wallex - WALLEX: Data received for ETHUSDT. Rows: 2020
2025-11-20 12:11:20,673 - INFO - sentiment - NLP: Attempting to fetch RSS from CoinTelegraph...
2025-11-20 12:11:21,112 - INFO - sentiment - NLP: Successfully parsed 10 real news items.
2025-11-20 12:11:21,113 - INFO - sentiment - NLP: Using 10 real news items.
2025-11-20 12:11:21,123 - INFO - worker - DOCTOR: System Checkup Saved. RAM: 1024.7MB | Latency: 6645.0ms
2025-11-20 12:11:44,466 - INFO - worker - WORKER: Starting analysis cycle...
2025-11-20 12:11:44,471 - INFO - wallex - INGEST: Requesting ETHUSDT from Wallex (Timeout: 15s)...
2025-11-20 12:11:45,684 - INFO - wallex - WALLEX: Data received for ETHUSDT. Rows: 2020
2025-11-20 12:11:51,470 - INFO - sentiment - NLP: Attempting to fetch RSS from CoinTelegraph...
2025-11-20 12:11:51,884 - INFO - sentiment - NLP: Successfully parsed 10 real news items.
2025-11-20 12:11:51,885 - INFO - sentiment - NLP: Using 10 real news items.
2025-11-20 12:11:51,891 - INFO - worker - DOCTOR: System Checkup Saved. RAM: 933.0MB | Latency: 7424.0ms
2025-11-20 12:12:14,473 - INFO - worker - WORKER: Starting analysis cycle...
2025-11-20 12:12:14,479 - INFO - wallex - INGEST: Requesting ETHUSDT from Wallex (Timeout: 15s)...
2025-11-20 12:12:15,081 - INFO - wallex - WALLEX: Data received for ETHUSDT. Rows: 2020
2025-11-20 12:12:21,097 - INFO - sentiment - NLP: Attempting to fetch RSS from CoinTelegraph...
2025-11-20 12:12:21,516 - INFO - sentiment - NLP: Successfully parsed 10 real news items.
2025-11-20 12:12:21,517 - INFO - sentiment - NLP: Using 10 real news items.
2025-11-20 12:12:21,525 - INFO - worker - DOCTOR: System Checkup Saved. RAM: 958.2MB | Latency: 7050.0ms
2025-11-20 12:12:44,462 - INFO - worker - WORKER: Starting analysis cycle...
2025-11-20 12:12:44,470 - INFO - wallex - INGEST: Requesting ETHUSDT from Wallex (Timeout: 15s)...
2025-11-20 12:12:45,132 - INFO - wallex - WALLEX: Data received for ETHUSDT. Rows: 2020
2025-11-20 12:12:52,603 - INFO - sentiment - NLP: Attempting to fetch RSS from CoinTelegraph...
2025-11-20 12:12:53,155 - INFO - sentiment - NLP: Successfully parsed 10 real news items.
2025-11-20 12:12:53,156 - INFO - sentiment - NLP: Using 10 real news items.
2025-11-20 12:12:53,171 - INFO - worker - DOCTOR: System Checkup Saved. RAM: 981.9MB | Latency: 8708.0ms
2025-11-20 12:13:14,472 - INFO - worker - WORKER: Starting analysis cycle...
2025-11-20 12:13:14,479 - INFO - wallex - INGEST: Requesting ETHUSDT from Wallex (Timeout: 15s)...
2025-11-20 12:13:15,195 - INFO - wallex - WALLEX: Data received for ETHUSDT. Rows: 2020
2025-11-20 12:13:24,629 - INFO - sentiment - NLP: Attempting to fetch RSS from CoinTelegraph...
2025-11-20 12:13:25,127 - INFO - sentiment - NLP: Successfully parsed 10 real news items.
2025-11-20 12:13:25,128 - INFO - sentiment - NLP: Using 10 real news items.
2025-11-20 12:13:25,140 - INFO - worker - DOCTOR: System Checkup Saved. RAM: 1009.8MB | Latency: 10666.0ms
2025-11-20 12:13:44,474 - INFO - worker - WORKER: Starting analysis cycle...
2025-11-20 12:13:44,479 - INFO - wallex - INGEST: Requesting ETHUSDT from Wallex (Timeout: 15s)...
2025-11-20 12:13:45,086 - INFO - wallex - WALLEX: Data received for ETHUSDT. Rows: 2020
2025-11-20 12:13:51,784 - INFO - sentiment - NLP: Attempting to fetch RSS from CoinTelegraph...
2025-11-20 12:13:52,191 - INFO - sentiment - NLP: Successfully parsed 10 real news items.
2025-11-20 12:13:52,192 - INFO - sentiment - NLP: Using 10 real news items.
2025-11-20 12:13:52,204 - INFO - worker - DOCTOR: System Checkup Saved. RAM: 1035.5MB | Latency: 7728.0ms
2025-11-20 12:20:15,018 - INFO - utils - --- Logging System Initialized ---
2025-11-20 12:27:50,870 - INFO - utils - --- Logging System Initialized ---
2025-11-20 12:28:01,084 - INFO - worker - WORKER: Starting analysis cycle...
2025-11-20 12:28:01,093 - INFO - wallex - INGEST: Requesting ETHTMN (Toman Base)...
2025-11-20 12:28:07,741 - INFO - sentiment - NLP: Attempting to fetch RSS from CoinTelegraph...
2025-11-20 12:28:08,239 - INFO - sentiment - NLP: Successfully parsed 10 real news items.
2025-11-20 12:28:08,240 - INFO - sentiment - NLP: Using 10 real news items.
2025-11-20 12:28:08,249 - INFO - worker - DOCTOR: System Checkup Saved. RAM: 676.6MB | Latency: 7162.0ms
2025-11-20 12:43:26,175 - INFO - utils - --- Logging System Initialized ---
2025-11-20 12:43:35,404 - INFO - worker - WORKER: Starting analysis cycle...
2025-11-20 12:43:35,414 - INFO - wallex - INGEST: Requesting ETHTMN (Toman Base)...
2025-11-20 12:43:41,655 - INFO - sentiment - NLP: Attempting to fetch RSS from CoinTelegraph...
2025-11-20 12:43:42,223 - INFO - sentiment - NLP: Successfully parsed 10 real news items.
2025-11-20 12:43:42,224 - INFO - sentiment - NLP: Using 10 real news items.
2025-11-20 12:43:42,236 - INFO - worker - DOCTOR: System Checkup Saved. RAM: 652.8MB | Latency: 6830.0ms
2025-11-20 12:48:52,752 - INFO - utils - --- Logging System Initialized ---
2025-11-20 12:48:59,450 - INFO - worker - WORKER: Starting analysis cycle...
2025-11-20 12:48:59,466 - INFO - wallex - INGEST: Requesting ETHTMN (Toman Base)...
2025-11-20 12:49:05,794 - INFO - sentiment - NLP: Attempting to fetch RSS from CoinTelegraph...
2025-11-20 12:49:06,311 - INFO - sentiment - NLP: Successfully parsed 10 real news items.
2025-11-20 12:49:06,312 - INFO - sentiment - NLP: Using 10 real news items.
2025-11-20 12:49:06,324 - INFO - worker - DOCTOR: System Checkup Saved. RAM: 646.1MB | Latency: 6872.0ms
2025-11-20 12:53:21,374 - INFO - utils - --- Logging System Initialized ---
2025-11-20 12:53:28,497 - INFO - worker - WORKER: Starting analysis cycle...
2025-11-20 12:53:28,506 - INFO - wallex - INGEST: Requesting ETHTMN (Toman Base)...
2025-11-20 12:53:35,027 - INFO - sentiment - NLP: Attempting to fetch RSS from CoinTelegraph...
2025-11-20 12:53:35,494 - INFO - sentiment - NLP: Successfully parsed 10 real news items.
2025-11-20 12:53:35,494 - INFO - sentiment - NLP: Using 10 real news items.
2025-11-20 12:53:35,505 - INFO - worker - DOCTOR: System Checkup Saved. RAM: 671.0MB | Latency: 7005.0ms
2025-11-20 12:55:13,511 - INFO - worker - WORKER: Starting analysis cycle...
2025-11-20 12:55:13,516 - INFO - wallex - INGEST: Requesting ETHTMN (Toman Base)...
2025-11-20 12:55:19,446 - INFO - sentiment - NLP: Attempting to fetch RSS from CoinTelegraph...
2025-11-20 12:55:19,980 - INFO - sentiment - NLP: Successfully parsed 10 real news items.
2025-11-20 12:55:19,981 - INFO - sentiment - NLP: Using 10 real news items.
2025-11-20 12:55:19,991 - INFO - worker - DOCTOR: System Checkup Saved. RAM: 664.9MB | Latency: 6479.0ms
2025-11-20 12:59:51,774 - INFO - utils - --- Logging System Initialized ---
2025-11-20 13:00:13,399 - INFO - worker - WORKER: Starting analysis cycle...
2025-11-20 13:00:13,408 - INFO - wallex - INGEST: Requesting ETHTMN (Toman Base)...
2025-11-20 13:00:19,688 - INFO - sentiment - NLP: Attempting to fetch RSS from CoinTelegraph...
2025-11-20 13:00:20,172 - INFO - sentiment - NLP: Successfully parsed 10 real news items.
2025-11-20 13:00:20,172 - INFO - sentiment - NLP: Using 10 real news items.
2025-11-20 13:00:20,184 - INFO - worker - DOCTOR: System Checkup Saved. RAM: 664.9MB | Latency: 6782.0ms
2025-11-20 13:00:33,667 - INFO - worker - WORKER: Starting analysis cycle...
2025-11-20 13:00:33,672 - INFO - wallex - INGEST: Requesting ETHTMN (Toman Base)...
2025-11-20 13:00:39,225 - INFO - sentiment - NLP: Attempting to fetch RSS from CoinTelegraph...
2025-11-20 13:00:39,629 - INFO - sentiment - NLP: Successfully parsed 10 real news items.
2025-11-20 13:00:39,629 - INFO - sentiment - NLP: Using 10 real news items.
2025-11-20 13:00:39,638 - INFO - worker - DOCTOR: System Checkup Saved. RAM: 664.3MB | Latency: 5970.0ms
2025-11-20 13:08:51,349 - INFO - worker - WORKER: Starting analysis cycle...
2025-11-20 13:08:51,354 - INFO - wallex - INGEST: Requesting ETHTMN (Toman Base)...
2025-11-20 13:08:58,580 - INFO - sentiment - NLP: Attempting to fetch RSS from CoinTelegraph...
2025-11-20 13:08:59,193 - INFO - sentiment - NLP: Successfully parsed 10 real news items.
2025-11-20 13:08:59,194 - INFO - sentiment - NLP: Using 10 real news items.
2025-11-20 13:08:59,208 - INFO - worker - DOCTOR: System Checkup Saved. RAM: 679.0MB | Latency: 7857.0ms
2025-11-20 13:11:44,076 - INFO - worker - WORKER: Starting analysis cycle...
2025-11-20 13:11:44,080 - INFO - wallex - INGEST: Requesting ETHTMN (Toman Base)...
2025-11-20 13:11:51,480 - INFO - sentiment - NLP: Attempting to fetch RSS from CoinTelegraph...
2025-11-20 13:11:52,067 - INFO - sentiment - NLP: Successfully parsed 10 real news items.
2025-11-20 13:11:52,068 - INFO - sentiment - NLP: Using 10 real news items.
2025-11-20 13:11:52,190 - INFO - worker - DOCTOR: System Checkup Saved. RAM: 704.4MB | Latency: 8113.0ms
2025-11-20 13:21:35,794 - INFO - utils - --- Logging System Initialized ---
2025-11-20 13:21:44,375 - INFO - worker - WORKER: Starting analysis cycle...
2025-11-20 13:21:44,383 - INFO - wallex - INGEST: Requesting ETHTMN (Toman Base)...
2025-11-20 13:21:51,458 - INFO - worker - WORKER: Analysis cycle completed successfully.
2025-11-20 13:22:07,218 - INFO - worker - WORKER: Starting analysis cycle...
2025-11-20 13:22:07,223 - INFO - wallex - INGEST: Requesting ETHTMN (Toman Base)...
2025-11-20 13:22:13,849 - INFO - worker - WORKER: Analysis cycle completed successfully.
2025-11-20 13:23:33,054 - INFO - worker - WORKER: Starting analysis cycle...
2025-11-20 13:23:33,059 - INFO - wallex - INGEST: Requesting ETHTMN (Toman Base)...
2025-11-20 13:23:42,358 - INFO - worker - WORKER: Analysis cycle completed successfully.
2025-11-20 13:25:37,285 - INFO - utils - --- Logging System Initialized ---
2025-11-20 13:25:37,294 - INFO - wallex - INGEST: Requesting ETHUSDT (Toman Base)...
2025-11-20 13:26:01,660 - INFO - utils - --- Logging System Initialized ---
2025-11-20 13:26:08,695 - INFO - worker - WORKER: Starting analysis cycle...
2025-11-20 13:26:08,703 - INFO - wallex - INGEST: Requesting ETHTMN (Toman Base)...
2025-11-20 13:26:15,796 - INFO - worker - WORKER: Analysis cycle completed successfully.
2025-11-20 13:26:18,711 - INFO - worker - WORKER: Starting analysis cycle...
2025-11-20 13:26:18,715 - INFO - wallex - INGEST: Requesting ETHTMN (Toman Base)...
2025-11-20 13:26:27,661 - INFO - worker - WORKER: Analysis cycle completed successfully.
2025-11-20 13:26:28,710 - INFO - worker - WORKER: Starting analysis cycle...
2025-11-20 13:26:28,714 - INFO - wallex - INGEST: Requesting ETHTMN (Toman Base)...
2025-11-20 13:26:37,961 - INFO - worker - WORKER: Analysis cycle completed successfully.
2025-11-20 13:26:38,728 - INFO - worker - WORKER: Starting analysis cycle...
2025-11-20 13:26:38,736 - INFO - wallex - INGEST: Requesting ETHTMN (Toman Base)...
2025-11-20 13:26:57,467 - INFO - worker - WORKER: Analysis cycle completed successfully.
2025-11-20 13:26:58,753 - INFO - worker - WORKER: Starting analysis cycle...
2025-11-20 13:26:58,759 - INFO - wallex - INGEST: Requesting ETHTMN (Toman Base)...
2025-11-20 13:27:08,049 - INFO - worker - WORKER: Analysis cycle completed successfully.
2025-11-20 13:27:08,759 - INFO - worker - WORKER: Starting analysis cycle...
2025-11-20 13:27:08,767 - INFO - wallex - INGEST: Requesting ETHTMN (Toman Base)...
2025-11-20 13:27:17,928 - INFO - worker - WORKER: Analysis cycle completed successfully.
2025-11-20 13:27:18,774 - INFO - worker - WORKER: Starting analysis cycle...
2025-11-20 13:27:18,778 - INFO - wallex - INGEST: Requesting ETHTMN (Toman Base)...
2025-11-20 13:27:27,879 - INFO - worker - WORKER: Analysis cycle completed successfully.
2025-11-20 13:27:28,780 - INFO - worker - WORKER: Starting analysis cycle...
2025-11-20 13:27:28,789 - INFO - wallex - INGEST: Requesting ETHTMN (Toman Base)...
2025-11-20 13:27:37,689 - INFO - worker - WORKER: Analysis cycle completed successfully.
2025-11-20 13:27:38,781 - INFO - worker - WORKER: Starting analysis cycle...
2025-11-20 13:27:38,789 - INFO - wallex - INGEST: Requesting ETHTMN (Toman Base)...
2025-11-20 13:27:47,705 - INFO - worker - WORKER: Analysis cycle completed successfully.
2025-11-20 13:27:48,797 - INFO - worker - WORKER: Starting analysis cycle...
2025-11-20 13:27:48,804 - INFO - wallex - INGEST: Requesting ETHTMN (Toman Base)...
2025-11-20 13:27:58,872 - INFO - worker - WORKER: Analysis cycle completed successfully.
2025-11-20 13:28:03,808 - INFO - worker - WORKER: Starting analysis cycle...
2025-11-20 13:28:03,819 - INFO - wallex - INGEST: Requesting ETHTMN (Toman Base)...
2025-11-20 13:28:13,157 - INFO - worker - WORKER: Analysis cycle completed successfully.
2025-11-20 13:28:13,816 - INFO - worker - WORKER: Starting analysis cycle...
2025-11-20 13:28:13,824 - INFO - wallex - INGEST: Requesting ETHTMN (Toman Base)...
2025-11-20 13:28:22,790 - INFO - worker - WORKER: Analysis cycle completed successfully.
2025-11-20 13:28:23,830 - INFO - worker - WORKER: Starting analysis cycle...
2025-11-20 13:28:23,834 - INFO - wallex - INGEST: Requesting ETHTMN (Toman Base)...
2025-11-20 13:28:32,869 - INFO - worker - WORKER: Analysis cycle completed successfully.
2025-11-20 13:28:33,866 - INFO - worker - WORKER: Starting analysis cycle...
2025-11-20 13:28:33,871 - INFO - wallex - INGEST: Requesting ETHTMN (Toman Base)...
2025-11-20 13:28:43,157 - INFO - worker - WORKER: Analysis cycle completed successfully.
2025-11-20 13:28:43,889 - INFO - worker - WORKER: Starting analysis cycle...
2025-11-20 13:28:43,896 - INFO - wallex - INGEST: Requesting ETHTMN (Toman Base)...
2025-11-20 13:28:52,784 - INFO - worker - WORKER: Analysis cycle completed successfully.
2025-11-20 13:28:53,893 - INFO - worker - WORKER: Starting analysis cycle...
2025-11-20 13:28:53,903 - INFO - wallex - INGEST: Requesting ETHTMN (Toman Base)...
2025-11-20 13:29:03,959 - INFO - worker - WORKER: Analysis cycle completed successfully.
2025-11-20 13:29:08,909 - INFO - worker - WORKER: Starting analysis cycle...
2025-11-20 13:29:08,914 - INFO - wallex - INGEST: Requesting ETHTMN (Toman Base)...
2025-11-20 13:29:21,831 - INFO - worker - WORKER: Analysis cycle completed successfully.
2025-11-20 13:29:23,918 - INFO - worker - WORKER: Starting analysis cycle...
2025-11-20 13:29:23,925 - INFO - wallex - INGEST: Requesting ETHTMN (Toman Base)...
2025-11-20 13:29:39,572 - INFO - worker - WORKER: Analysis cycle completed successfully.
2025-11-20 13:29:43,943 - INFO - worker - WORKER: Starting analysis cycle...
2025-11-20 13:29:43,952 - INFO - wallex - INGEST: Requesting ETHTMN (Toman Base)...
2025-11-20 13:29:54,344 - INFO - worker - WORKER: Analysis cycle completed successfully.
2025-11-20 13:29:58,938 - INFO - worker - WORKER: Starting analysis cycle...
2025-11-20 13:29:58,946 - INFO - wallex - INGEST: Requesting ETHTMN (Toman Base)...
2025-11-20 13:30:08,994 - INFO - worker - WORKER: Analysis cycle completed successfully.
2025-11-20 13:30:59,595 - INFO - utils - --- Logging System Initialized ---
2025-11-20 13:31:28,999 - INFO - worker - WORKER: Starting analysis cycle...
2025-11-20 13:31:29,008 - INFO - wallex - INGEST: Requesting ETHTMN (Toman Base)...
2025-11-20 13:31:35,768 - INFO - worker - WORKER: Analysis cycle completed successfully.
2025-11-20 13:31:39,020 - INFO - worker - WORKER: Starting analysis cycle...
2025-11-20 13:31:39,027 - INFO - wallex - INGEST: Requesting ETHTMN (Toman Base)...
2025-11-20 13:31:48,472 - INFO - worker - WORKER: Analysis cycle completed successfully.
2025-11-20 13:31:49,036 - INFO - worker - WORKER: Starting analysis cycle...
2025-11-20 13:31:49,044 - INFO - wallex - INGEST: Requesting ETHTMN (Toman Base)...
2025-11-20 13:31:58,494 - INFO - worker - WORKER: Analysis cycle completed successfully.
2025-11-20 13:31:59,031 - INFO - worker - WORKER: Starting analysis cycle...
2025-11-20 13:31:59,038 - INFO - wallex - INGEST: Requesting ETHTMN (Toman Base)...
2025-11-20 13:32:08,366 - INFO - worker - WORKER: Analysis cycle completed successfully.
2025-11-20 13:32:09,044 - INFO - worker - WORKER: Starting analysis cycle...
2025-11-20 13:32:09,052 - INFO - wallex - INGEST: Requesting ETHTMN (Toman Base)...
2025-11-20 13:32:19,247 - INFO - worker - WORKER: Analysis cycle completed successfully.
2025-11-20 13:32:24,041 - INFO - worker - WORKER: Starting analysis cycle...
2025-11-20 13:32:24,046 - INFO - wallex - INGEST: Requesting ETHTMN (Toman Base)...
2025-11-20 13:32:34,167 - INFO - worker - WORKER: Analysis cycle completed successfully.
2025-11-20 13:32:39,058 - INFO - worker - WORKER: Starting analysis cycle...
2025-11-20 13:32:39,062 - INFO - wallex - INGEST: Requesting ETHTMN (Toman Base)...
2025-11-20 13:32:51,674 - INFO - worker - WORKER: Analysis cycle completed successfully.
2025-11-20 13:32:54,078 - INFO - worker - WORKER: Starting analysis cycle...
2025-11-20 13:32:54,086 - INFO - wallex - INGEST: Requesting ETHTMN (Toman Base)...
2025-11-20 13:33:03,776 - INFO - worker - WORKER: Analysis cycle completed successfully.
2025-11-20 13:33:04,079 - INFO - worker - WORKER: Starting analysis cycle...
2025-11-20 13:33:04,087 - INFO - wallex - INGEST: Requesting ETHTMN (Toman Base)...
2025-11-20 13:33:12,924 - INFO - worker - WORKER: Analysis cycle completed successfully.
2025-11-20 13:33:14,093 - INFO - worker - WORKER: Starting analysis cycle...
2025-11-20 13:33:14,099 - INFO - wallex - INGEST: Requesting ETHTMN (Toman Base)...
2025-11-20 13:33:23,408 - INFO - worker - WORKER: Analysis cycle completed successfully.
2025-11-20 13:33:24,084 - INFO - worker - WORKER: Starting analysis cycle...
2025-11-20 13:33:24,090 - INFO - wallex - INGEST: Requesting ETHTMN (Toman Base)...
2025-11-20 13:33:33,202 - INFO - worker - WORKER: Analysis cycle completed successfully.
2025-11-20 13:33:34,086 - INFO - worker - WORKER: Starting analysis cycle...
2025-11-20 13:33:34,095 - INFO - wallex - INGEST: Requesting ETHTMN (Toman Base)...
2025-11-20 13:33:42,726 - INFO - worker - WORKER: Analysis cycle completed successfully.
2025-11-20 13:33:44,087 - INFO - worker - WORKER: Starting analysis cycle...
2025-11-20 13:33:44,095 - INFO - wallex - INGEST: Requesting ETHTMN (Toman Base)...
2025-11-20 13:33:53,101 - INFO - worker - WORKER: Analysis cycle completed successfully.
2025-11-20 13:33:54,105 - INFO - worker - WORKER: Starting analysis cycle...
2025-11-20 13:33:54,109 - INFO - wallex - INGEST: Requesting ETHTMN (Toman Base)...
2025-11-20 13:34:03,273 - INFO - worker - WORKER: Analysis cycle completed successfully.
2025-11-20 13:34:04,103 - INFO - worker - WORKER: Starting analysis cycle...
2025-11-20 13:34:04,112 - INFO - wallex - INGEST: Requesting ETHTMN (Toman Base)...
2025-11-20 13:34:13,520 - INFO - worker - WORKER: Analysis cycle completed successfully.
2025-11-20 13:34:14,102 - INFO - worker - WORKER: Starting analysis cycle...
2025-11-20 13:34:14,108 - INFO - wallex - INGEST: Requesting ETHTMN (Toman Base)...
2025-11-20 13:34:23,614 - INFO - worker - WORKER: Analysis cycle completed successfully.
2025-11-20 13:34:24,098 - INFO - worker - WORKER: Starting analysis cycle...
2025-11-20 13:34:24,105 - INFO - wallex - INGEST: Requesting ETHTMN (Toman Base)...
2025-11-20 13:34:34,240 - INFO - worker - WORKER: Analysis cycle completed successfully.
2025-11-20 13:34:39,089 - INFO - worker - WORKER: Starting analysis cycle...
2025-11-20 13:34:39,094 - INFO - wallex - INGEST: Requesting ETHTMN (Toman Base)...
2025-11-20 13:34:48,832 - INFO - worker - WORKER: Analysis cycle completed successfully.
2025-11-20 13:34:49,103 - INFO - worker - WORKER: Starting analysis cycle...
2025-11-20 13:34:49,108 - INFO - wallex - INGEST: Requesting ETHTMN (Toman Base)...
2025-11-20 13:34:58,547 - INFO - worker - WORKER: Analysis cycle completed successfully.
2025-11-20 13:34:59,116 - INFO - worker - WORKER: Starting analysis cycle...
2025-11-20 13:34:59,122 - INFO - wallex - INGEST: Requesting ETHTMN (Toman Base)...
2025-11-20 13:35:08,632 - INFO - worker - WORKER: Analysis cycle completed successfully.
2025-11-20 13:35:09,115 - INFO - worker - WORKER: Starting analysis cycle...
2025-11-20 13:35:09,122 - INFO - wallex - INGEST: Requesting ETHTMN (Toman Base)...
2025-11-20 13:35:18,799 - INFO - worker - WORKER: Analysis cycle completed successfully.
2025-11-20 13:35:19,107 - INFO - worker - WORKER: Starting analysis cycle...
2025-11-20 13:35:19,119 - INFO - wallex - INGEST: Requesting ETHTMN (Toman Base)...
2025-11-20 13:36:06,697 - INFO - utils - --- Logging System Initialized ---
2025-11-20 13:36:06,705 - INFO - wallex - INGEST: Requesting ETHUSDT (Toman Base)...
2025-11-20 13:43:53,558 - INFO - utils - --- Logging System Initialized ---
2025-11-20 13:44:00,020 - INFO - worker - WORKER: Starting analysis cycle...
2025-11-20 13:44:00,029 - INFO - wallex - INGEST: Requesting ETHTMN (Toman Base)...
2025-11-20 13:44:09,982 - INFO - worker - WORKER: Analysis cycle completed successfully.
2025-11-20 13:44:10,068 - INFO - worker - WORKER: Starting analysis cycle...
2025-11-20 13:44:10,088 - INFO - wallex - INGEST: Requesting ETHTMN (Toman Base)...
2025-11-20 13:44:19,128 - INFO - worker - WORKER: Analysis cycle completed successfully.
2025-11-20 13:44:20,019 - INFO - worker - WORKER: Starting analysis cycle...
2025-11-20 13:44:20,026 - INFO - wallex - INGEST: Requesting ETHTMN (Toman Base)...
2025-11-20 13:44:30,434 - INFO - worker - WORKER: Analysis cycle completed successfully.
2025-11-20 13:44:35,029 - INFO - worker - WORKER: Starting analysis cycle...
2025-11-20 13:44:35,035 - INFO - wallex - INGEST: Requesting ETHTMN (Toman Base)...
2025-11-20 13:44:46,876 - INFO - worker - WORKER: Analysis cycle completed successfully.
2025-11-20 13:44:50,035 - INFO - worker - WORKER: Starting analysis cycle...
2025-11-20 13:44:50,044 - INFO - wallex - INGEST: Requesting ETHTMN (Toman Base)...
2025-11-20 13:45:01,808 - INFO - worker - WORKER: Analysis cycle completed successfully.
2025-11-20 13:45:05,024 - INFO - worker - WORKER: Starting analysis cycle...
2025-11-20 13:45:05,029 - INFO - wallex - INGEST: Requesting ETHTMN (Toman Base)...
2025-11-20 13:45:06,387 - INFO - utils - --- Logging System Initialized ---
2025-11-20 13:45:06,395 - INFO - wallex - INGEST: Requesting ETHUSDT (Toman Base)...
2025-11-20 13:45:16,075 - INFO - worker - WORKER: Analysis cycle completed successfully.
2025-11-20 13:45:20,126 - INFO - worker - WORKER: Starting analysis cycle...
2025-11-20 13:45:20,134 - INFO - wallex - INGEST: Requesting ETHTMN (Toman Base)...
2025-11-20 13:45:32,926 - INFO - worker - WORKER: Analysis cycle completed successfully.
2025-11-20 13:45:35,049 - INFO - worker - WORKER: Starting analysis cycle...
2025-11-20 13:45:35,058 - INFO - wallex - INGEST: Requesting ETHTMN (Toman Base)...
2025-11-20 13:45:46,370 - INFO - worker - WORKER: Analysis cycle completed successfully.
2025-11-20 13:45:50,066 - INFO - worker - WORKER: Starting analysis cycle...
2025-11-20 13:45:50,069 - INFO - wallex - INGEST: Requesting ETHTMN (Toman Base)...
2025-11-20 13:45:56,907 - INFO - worker - WORKER: Analysis cycle completed successfully.
2025-11-20 13:46:00,063 - INFO - worker - WORKER: Starting analysis cycle...
2025-11-20 13:46:00,069 - INFO - wallex - INGEST: Requesting ETHTMN (Toman Base)...
2025-11-20 13:46:13,324 - INFO - worker - WORKER: Analysis cycle completed successfully.
2025-11-20 13:46:15,055 - INFO - worker - WORKER: Starting analysis cycle...
2025-11-20 13:46:15,063 - INFO - wallex - INGEST: Requesting ETHTMN (Toman Base)...
2025-11-20 13:46:24,570 - INFO - worker - WORKER: Analysis cycle completed successfully.
2025-11-20 13:46:25,071 - INFO - worker - WORKER: Starting analysis cycle...
2025-11-20 13:46:25,077 - INFO - wallex - INGEST: Requesting ETHTMN (Toman Base)...
2025-11-20 13:46:41,465 - INFO - worker - WORKER: Analysis cycle completed successfully.
2025-11-20 13:46:45,083 - INFO - worker - WORKER: Starting analysis cycle...
2025-11-20 13:46:45,091 - INFO - wallex - INGEST: Requesting ETHTMN (Toman Base)...
2025-11-20 13:46:53,668 - INFO - worker - WORKER: Analysis cycle completed successfully.
2025-11-20 13:46:55,092 - INFO - worker - WORKER: Starting analysis cycle...
2025-11-20 13:46:55,101 - INFO - wallex - INGEST: Requesting ETHTMN (Toman Base)...
2025-11-20 13:47:03,703 - INFO - worker - WORKER: Analysis cycle completed successfully.
2025-11-20 13:47:05,109 - INFO - worker - WORKER: Starting analysis cycle...
2025-11-20 13:47:05,116 - INFO - wallex - INGEST: Requesting ETHTMN (Toman Base)...
2025-11-20 13:47:14,039 - INFO - worker - WORKER: Analysis cycle completed successfully.
2025-11-20 13:47:15,110 - INFO - worker - WORKER: Starting analysis cycle...
2025-11-20 13:47:15,117 - INFO - wallex - INGEST: Requesting ETHTMN (Toman Base)...
2025-11-20 13:47:23,290 - INFO - worker - WORKER: Analysis cycle completed successfully.
2025-11-20 13:47:25,124 - INFO - worker - WORKER: Starting analysis cycle...
2025-11-20 13:47:25,131 - INFO - wallex - INGEST: Requesting ETHTMN (Toman Base)...
2025-11-20 13:47:34,514 - INFO - worker - WORKER: Analysis cycle completed successfully.
2025-11-20 13:47:35,131 - INFO - worker - WORKER: Starting analysis cycle...
2025-11-20 13:47:35,135 - INFO - wallex - INGEST: Requesting ETHTMN (Toman Base)...
2025-11-20 13:47:44,040 - INFO - worker - WORKER: Analysis cycle completed successfully.
2025-11-20 13:47:45,121 - INFO - worker - WORKER: Starting analysis cycle...
2025-11-20 13:47:45,127 - INFO - wallex - INGEST: Requesting ETHTMN (Toman Base)...
2025-11-20 13:47:57,716 - INFO - worker - WORKER: Analysis cycle completed successfully.
2025-11-20 13:48:00,156 - INFO - worker - WORKER: Starting analysis cycle...
2025-11-20 13:48:00,162 - INFO - wallex - INGEST: Requesting ETHTMN (Toman Base)...
2025-11-20 13:48:07,131 - INFO - worker - WORKER: Analysis cycle completed successfully.
2025-11-20 13:48:10,179 - INFO - worker - WORKER: Starting analysis cycle...
2025-11-20 13:48:10,183 - INFO - wallex - INGEST: Requesting ETHTMN (Toman Base)...
2025-11-20 13:48:20,062 - INFO - worker - WORKER: Analysis cycle completed successfully.
2025-11-20 13:48:20,213 - INFO - worker - WORKER: Starting analysis cycle...
2025-11-20 13:48:20,218 - INFO - wallex - INGEST: Requesting ETHTMN (Toman Base)...
2025-11-20 13:48:29,723 - INFO - worker - WORKER: Analysis cycle completed successfully.
2025-11-20 13:48:30,219 - INFO - worker - WORKER: Starting analysis cycle...
2025-11-20 13:48:30,224 - INFO - wallex - INGEST: Requesting ETHTMN (Toman Base)...
2025-11-20 13:48:39,444 - INFO - worker - WORKER: Analysis cycle completed successfully.
2025-11-20 13:48:40,247 - INFO - worker - WORKER: Starting analysis cycle...
2025-11-20 13:48:40,252 - INFO - wallex - INGEST: Requesting ETHTMN (Toman Base)...
2025-11-20 13:48:46,839 - INFO - worker - WORKER: Analysis cycle completed successfully.
2025-11-20 13:48:50,258 - INFO - worker - WORKER: Starting analysis cycle...
2025-11-20 13:48:50,264 - INFO - wallex - INGEST: Requesting ETHTMN (Toman Base)...
2025-11-20 13:48:57,027 - INFO - worker - WORKER: Analysis cycle completed successfully.
2025-11-20 13:49:00,249 - INFO - worker - WORKER: Starting analysis cycle...
2025-11-20 13:49:00,256 - INFO - wallex - INGEST: Requesting ETHTMN (Toman Base)...
2025-11-20 13:49:06,477 - INFO - worker - WORKER: Analysis cycle completed successfully.
2025-11-20 13:49:10,256 - INFO - worker - WORKER: Starting analysis cycle...
2025-11-20 13:49:10,261 - INFO - wallex - INGEST: Requesting ETHTMN (Toman Base)...
2025-11-20 13:49:16,834 - INFO - worker - WORKER: Analysis cycle completed successfully.
2025-11-20 13:49:20,260 - INFO - worker - WORKER: Starting analysis cycle...
2025-11-20 13:49:20,265 - INFO - wallex - INGEST: Requesting ETHTMN (Toman Base)...
2025-11-20 13:49:26,578 - INFO - worker - WORKER: Analysis cycle completed successfully.
2025-11-20 13:49:30,267 - INFO - worker - WORKER: Starting analysis cycle...
2025-11-20 13:49:30,273 - INFO - wallex - INGEST: Requesting ETHTMN (Toman Base)...
2025-11-20 13:49:36,639 - INFO - worker - WORKER: Analysis cycle completed successfully.
2025-11-20 13:49:40,260 - INFO - worker - WORKER: Starting analysis cycle...
2025-11-20 13:49:40,264 - INFO - wallex - INGEST: Requesting ETHTMN (Toman Base)...
2025-11-20 13:49:46,438 - INFO - worker - WORKER: Analysis cycle completed successfully.
2025-11-20 13:49:50,286 - INFO - worker - WORKER: Starting analysis cycle...
2025-11-20 13:49:50,291 - INFO - wallex - INGEST: Requesting ETHTMN (Toman Base)...
2025-11-20 13:49:56,897 - INFO - worker - WORKER: Analysis cycle completed successfully.
2025-11-20 13:50:00,282 - INFO - worker - WORKER: Starting analysis cycle...
2025-11-20 13:50:00,288 - INFO - wallex - INGEST: Requesting ETHTMN (Toman Base)...
2025-11-20 13:50:06,753 - INFO - worker - WORKER: Analysis cycle completed successfully.
2025-11-20 13:50:10,283 - INFO - worker - WORKER: Starting analysis cycle...
2025-11-20 13:50:10,289 - INFO - wallex - INGEST: Requesting ETHTMN (Toman Base)...
2025-11-20 13:50:16,500 - INFO - worker - WORKER: Analysis cycle completed successfully.
2025-11-20 13:50:20,283 - INFO - worker - WORKER: Starting analysis cycle...
2025-11-20 13:50:20,289 - INFO - wallex - INGEST: Requesting ETHTMN (Toman Base)...
2025-11-20 13:50:27,238 - INFO - worker - WORKER: Analysis cycle completed successfully.
2025-11-20 13:50:30,309 - INFO - worker - WORKER: Starting analysis cycle...
2025-11-20 13:50:30,313 - INFO - wallex - INGEST: Requesting ETHTMN (Toman Base)...
2025-11-20 13:50:36,960 - INFO - worker - WORKER: Analysis cycle completed successfully.
2025-11-20 13:50:40,314 - INFO - worker - WORKER: Starting analysis cycle...
2025-11-20 13:50:40,319 - INFO - wallex - INGEST: Requesting ETHTMN (Toman Base)...
2025-11-20 13:50:46,840 - INFO - worker - WORKER: Analysis cycle completed successfully.
2025-11-20 13:50:50,307 - INFO - worker - WORKER: Starting analysis cycle...
2025-11-20 13:50:50,311 - INFO - wallex - INGEST: Requesting ETHTMN (Toman Base)...
2025-11-20 13:50:56,871 - INFO - worker - WORKER: Analysis cycle completed successfully.
2025-11-20 13:51:00,323 - INFO - worker - WORKER: Starting analysis cycle...
2025-11-20 13:51:00,330 - INFO - wallex - INGEST: Requesting ETHTMN (Toman Base)...
2025-11-20 13:51:06,640 - INFO - worker - WORKER: Analysis cycle completed successfully.
2025-11-20 13:51:10,324 - INFO - worker - WORKER: Starting analysis cycle...
2025-11-20 13:51:10,330 - INFO - wallex - INGEST: Requesting ETHTMN (Toman Base)...
2025-11-20 13:51:16,863 - INFO - worker - WORKER: Analysis cycle completed successfully.
2025-11-20 13:51:20,338 - INFO - worker - WORKER: Starting analysis cycle...
2025-11-20 13:51:20,345 - INFO - wallex - INGEST: Requesting ETHTMN (Toman Base)...
2025-11-20 13:51:26,825 - INFO - worker - WORKER: Analysis cycle completed successfully.
2025-11-20 13:51:30,344 - INFO - worker - WORKER: Starting analysis cycle...
2025-11-20 13:51:30,352 - INFO - wallex - INGEST: Requesting ETHTMN (Toman Base)...
2025-11-20 13:51:36,893 - INFO - worker - WORKER: Analysis cycle completed successfully.
2025-11-20 13:51:40,352 - INFO - worker - WORKER: Starting analysis cycle...
2025-11-20 13:51:40,359 - INFO - wallex - INGEST: Requesting ETHTMN (Toman Base)...
2025-11-20 13:51:46,754 - INFO - worker - WORKER: Analysis cycle completed successfully.
2025-11-20 13:51:50,361 - INFO - worker - WORKER: Starting analysis cycle...
2025-11-20 13:51:50,366 - INFO - wallex - INGEST: Requesting ETHTMN (Toman Base)...
2025-11-20 13:51:57,037 - INFO - worker - WORKER: Analysis cycle completed successfully.
2025-11-20 13:52:00,364 - INFO - worker - WORKER: Starting analysis cycle...
2025-11-20 13:52:00,371 - INFO - wallex - INGEST: Requesting ETHTMN (Toman Base)...
2025-11-20 13:52:07,365 - INFO - worker - WORKER: Analysis cycle completed successfully.
2025-11-20 13:52:10,362 - INFO - worker - WORKER: Starting analysis cycle...
2025-11-20 13:52:10,368 - INFO - wallex - INGEST: Requesting ETHTMN (Toman Base)...
2025-11-20 13:52:17,435 - INFO - worker - WORKER: Analysis cycle completed successfully.
2025-11-20 13:52:20,380 - INFO - worker - WORKER: Starting analysis cycle...
2025-11-20 13:52:20,386 - INFO - wallex - INGEST: Requesting ETHTMN (Toman Base)...
2025-11-20 13:52:29,918 - INFO - worker - WORKER: Analysis cycle completed successfully.
2025-11-20 13:52:30,381 - INFO - worker - WORKER: Starting analysis cycle...
2025-11-20 13:52:30,387 - INFO - wallex - INGEST: Requesting ETHTMN (Toman Base)...
2025-11-20 13:52:38,496 - INFO - worker - WORKER: Analysis cycle completed successfully.
2025-11-20 13:52:40,388 - INFO - worker - WORKER: Starting analysis cycle...
2025-11-20 13:52:40,394 - INFO - wallex - INGEST: Requesting ETHTMN (Toman Base)...
2025-11-20 13:52:47,159 - INFO - worker - WORKER: Analysis cycle completed successfully.
2025-11-20 13:52:50,399 - INFO - worker - WORKER: Starting analysis cycle...
2025-11-20 13:52:50,404 - INFO - wallex - INGEST: Requesting ETHTMN (Toman Base)...
2025-11-20 13:52:57,222 - INFO - worker - WORKER: Analysis cycle completed successfully.
2025-11-20 13:53:00,411 - INFO - worker - WORKER: Starting analysis cycle...
2025-11-20 13:53:00,416 - INFO - wallex - INGEST: Requesting ETHTMN (Toman Base)...
2025-11-20 13:53:07,016 - INFO - worker - WORKER: Analysis cycle completed successfully.
2025-11-20 13:53:10,406 - INFO - worker - WORKER: Starting analysis cycle...
2025-11-20 13:53:10,411 - INFO - wallex - INGEST: Requesting ETHTMN (Toman Base)...
2025-11-20 13:53:17,033 - INFO - worker - WORKER: Analysis cycle completed successfully.
2025-11-20 13:53:20,426 - INFO - worker - WORKER: Starting analysis cycle...
2025-11-20 13:53:20,431 - INFO - wallex - INGEST: Requesting ETHTMN (Toman Base)...
2025-11-20 13:53:27,071 - INFO - worker - WORKER: Analysis cycle completed successfully.
2025-11-20 13:53:30,431 - INFO - worker - WORKER: Starting analysis cycle...
2025-11-20 13:53:30,437 - INFO - wallex - INGEST: Requesting ETHTMN (Toman Base)...
2025-11-20 13:53:37,414 - INFO - worker - WORKER: Analysis cycle completed successfully.
2025-11-20 13:53:40,425 - INFO - worker - WORKER: Starting analysis cycle...
2025-11-20 13:53:40,429 - INFO - wallex - INGEST: Requesting ETHTMN (Toman Base)...
2025-11-20 13:53:47,718 - INFO - worker - WORKER: Analysis cycle completed successfully.
2025-11-20 13:54:03,703 - INFO - utils - --- Logging System Initialized ---
2025-11-20 13:54:03,712 - INFO - wallex - INGEST: Requesting ETHUSDT (Toman Base)...
2025-11-20 13:55:37,349 - INFO - utils - --- Logging System Initialized ---
2025-11-20 13:56:46,739 - INFO - utils - --- Logging System Initialized ---
2025-11-20 13:56:46,762 - INFO - wallex - INGEST: Requesting ETHUSDT (Toman Base)...
2025-11-20 13:57:25,393 - INFO - utils - --- Logging System Initialized ---
2025-11-20 13:57:31,810 - INFO - worker - WORKER: Starting RAW analysis cycle...
2025-11-20 13:57:31,817 - INFO - wallex - INGEST: Requesting ETHTMN (Toman Base)...
2025-11-20 13:57:41,829 - INFO - worker - WORKER: Starting RAW analysis cycle...
2025-11-20 13:57:41,837 - INFO - wallex - INGEST: Requesting ETHTMN (Toman Base)...
2025-11-20 13:57:51,844 - INFO - worker - WORKER: Starting RAW analysis cycle...
2025-11-20 13:57:51,854 - INFO - wallex - INGEST: Requesting ETHTMN (Toman Base)...
2025-11-20 13:58:01,842 - INFO - worker - WORKER: Starting RAW analysis cycle...
2025-11-20 13:58:01,847 - INFO - wallex - INGEST: Requesting ETHTMN (Toman Base)...
2025-11-20 13:58:11,838 - INFO - worker - WORKER: Starting RAW analysis cycle...
2025-11-20 13:58:11,843 - INFO - wallex - INGEST: Requesting ETHTMN (Toman Base)...
2025-11-20 13:58:21,852 - INFO - worker - WORKER: Starting RAW analysis cycle...
2025-11-20 13:58:21,862 - INFO - wallex - INGEST: Requesting ETHTMN (Toman Base)...
2025-11-20 13:58:31,846 - INFO - worker - WORKER: Starting RAW analysis cycle...
2025-11-20 13:58:31,852 - INFO - wallex - INGEST: Requesting ETHTMN (Toman Base)...
2025-11-20 13:58:46,841 - INFO - worker - WORKER: Starting RAW analysis cycle...
2025-11-20 13:58:46,845 - INFO - wallex - INGEST: Requesting ETHTMN (Toman Base)...
2025-11-20 13:58:56,854 - INFO - worker - WORKER: Starting RAW analysis cycle...
2025-11-20 13:58:56,858 - INFO - wallex - INGEST: Requesting ETHTMN (Toman Base)...
2025-11-20 13:59:06,873 - INFO - worker - WORKER: Starting RAW analysis cycle...
2025-11-20 13:59:06,878 - INFO - wallex - INGEST: Requesting ETHTMN (Toman Base)...
2025-11-20 13:59:16,886 - INFO - worker - WORKER: Starting RAW analysis cycle...
2025-11-20 13:59:16,892 - INFO - wallex - INGEST: Requesting ETHTMN (Toman Base)...
2025-11-20 13:59:26,899 - INFO - worker - WORKER: Starting RAW analysis cycle...
2025-11-20 13:59:26,905 - INFO - wallex - INGEST: Requesting ETHTMN (Toman Base)...
2025-11-20 14:01:08,758 - INFO - utils - --- Logging System Initialized ---
2025-11-20 14:01:25,634 - INFO - worker - WORKER: Starting RAW analysis cycle...
2025-11-20 14:01:25,642 - INFO - wallex - INGEST: Requesting ETHTMN (Toman Base)...
2025-11-20 14:01:35,655 - INFO - worker - WORKER: Starting RAW analysis cycle...
2025-11-20 14:01:35,661 - INFO - wallex - INGEST: Requesting ETHTMN (Toman Base)...
2025-11-20 14:01:45,659 - INFO - worker - WORKER: Starting RAW analysis cycle...
2025-11-20 14:01:45,664 - INFO - wallex - INGEST: Requesting ETHTMN (Toman Base)...
2025-11-20 14:01:55,666 - INFO - worker - WORKER: Starting RAW analysis cycle...
2025-11-20 14:01:55,673 - INFO - wallex - INGEST: Requesting ETHTMN (Toman Base)...
2025-11-20 14:02:05,679 - INFO - worker - WORKER: Starting RAW analysis cycle...
2025-11-20 14:02:05,684 - INFO - wallex - INGEST: Requesting ETHTMN (Toman Base)...
2025-11-20 14:02:07,613 - INFO - utils - --- Logging System Initialized ---
2025-11-20 14:02:07,621 - INFO - wallex - INGEST: Requesting ETHUSDT (Toman Base)...
2025-11-20 14:02:15,705 - INFO - worker - WORKER: Starting RAW analysis cycle...
2025-11-20 14:02:15,712 - INFO - wallex - INGEST: Requesting ETHTMN (Toman Base)...
2025-11-20 14:02:25,715 - INFO - worker - WORKER: Starting RAW analysis cycle...
2025-11-20 14:02:25,722 - INFO - wallex - INGEST: Requesting ETHTMN (Toman Base)...
2025-11-20 14:02:35,725 - INFO - worker - WORKER: Starting RAW analysis cycle...
2025-11-20 14:02:35,731 - INFO - wallex - INGEST: Requesting ETHTMN (Toman Base)...
2025-11-20 14:02:45,732 - INFO - worker - WORKER: Starting RAW analysis cycle...
2025-11-20 14:02:45,740 - INFO - wallex - INGEST: Requesting ETHTMN (Toman Base)...
2025-11-20 14:02:55,727 - INFO - worker - WORKER: Starting RAW analysis cycle...
2025-11-20 14:02:55,732 - INFO - wallex - INGEST: Requesting ETHTMN (Toman Base)...
2025-11-20 14:03:05,729 - INFO - worker - WORKER: Starting RAW analysis cycle...
2025-11-20 14:03:05,733 - INFO - wallex - INGEST: Requesting ETHTMN (Toman Base)...
2025-11-20 14:03:15,754 - INFO - worker - WORKER: Starting RAW analysis cycle...
2025-11-20 14:03:15,758 - INFO - wallex - INGEST: Requesting ETHTMN (Toman Base)...
2025-11-20 14:03:25,762 - INFO - worker - WORKER: Starting RAW analysis cycle...
2025-11-20 14:03:25,770 - INFO - wallex - INGEST: Requesting ETHTMN (Toman Base)...
2025-11-20 14:03:40,768 - INFO - worker - WORKER: Starting RAW analysis cycle...
2025-11-20 14:03:40,773 - INFO - wallex - INGEST: Requesting ETHTMN (Toman Base)...
2025-11-20 14:03:50,765 - INFO - worker - WORKER: Starting RAW analysis cycle...
2025-11-20 14:03:50,769 - INFO - wallex - INGEST: Requesting ETHTMN (Toman Base)...
2025-11-20 14:04:00,770 - INFO - worker - WORKER: Starting RAW analysis cycle...
2025-11-20 14:04:00,775 - INFO - wallex - INGEST: Requesting ETHTMN (Toman Base)...
2025-11-20 14:04:10,771 - INFO - worker - WORKER: Starting RAW analysis cycle...
2025-11-20 14:04:10,775 - INFO - wallex - INGEST: Requesting ETHTMN (Toman Base)...
2025-11-20 14:04:20,763 - INFO - worker - WORKER: Starting RAW analysis cycle...
2025-11-20 14:04:20,769 - INFO - wallex - INGEST: Requesting ETHTMN (Toman Base)...
2025-11-20 14:04:30,796 - INFO - worker - WORKER: Starting RAW analysis cycle...
2025-11-20 14:04:30,803 - INFO - wallex - INGEST: Requesting ETHTMN (Toman Base)...
2025-11-20 14:04:40,797 - INFO - worker - WORKER: Starting RAW analysis cycle...
2025-11-20 14:04:40,803 - INFO - wallex - INGEST: Requesting ETHTMN (Toman Base)...
2025-11-20 14:04:50,799 - INFO - worker - WORKER: Starting RAW analysis cycle...
2025-11-20 14:04:50,803 - INFO - wallex - INGEST: Requesting ETHTMN (Toman Base)...
2025-11-20 14:05:00,802 - INFO - worker - WORKER: Starting RAW analysis cycle...
2025-11-20 14:05:00,806 - INFO - wallex - INGEST: Requesting ETHTMN (Toman Base)...
2025-11-20 14:05:10,804 - INFO - worker - WORKER: Starting RAW analysis cycle...
2025-11-20 14:05:10,810 - INFO - wallex - INGEST: Requesting ETHTMN (Toman Base)...
2025-11-20 14:05:20,807 - INFO - worker - WORKER: Starting RAW analysis cycle...
2025-11-20 14:05:20,812 - INFO - wallex - INGEST: Requesting ETHTMN (Toman Base)...
2025-11-20 14:05:30,823 - INFO - worker - WORKER: Starting RAW analysis cycle...
2025-11-20 14:05:30,832 - INFO - wallex - INGEST: Requesting ETHTMN (Toman Base)...
2025-11-20 14:05:40,839 - INFO - worker - WORKER: Starting RAW analysis cycle...
2025-11-20 14:05:40,847 - INFO - wallex - INGEST: Requesting ETHTMN (Toman Base)...
2025-11-20 14:05:50,851 - INFO - worker - WORKER: Starting RAW analysis cycle...
2025-11-20 14:05:50,855 - INFO - wallex - INGEST: Requesting ETHTMN (Toman Base)...
2025-11-20 14:06:00,869 - INFO - worker - WORKER: Starting RAW analysis cycle...
2025-11-20 14:06:00,874 - INFO - wallex - INGEST: Requesting ETHTMN (Toman Base)...
2025-11-20 14:06:10,879 - INFO - worker - WORKER: Starting RAW analysis cycle...
2025-11-20 14:06:10,887 - INFO - wallex - INGEST: Requesting ETHTMN (Toman Base)...
2025-11-20 14:06:20,872 - INFO - worker - WORKER: Starting RAW analysis cycle...
2025-11-20 14:06:20,879 - INFO - wallex - INGEST: Requesting ETHTMN (Toman Base)...
2025-11-20 14:06:30,898 - INFO - worker - WORKER: Starting RAW analysis cycle...
2025-11-20 14:06:30,902 - INFO - wallex - INGEST: Requesting ETHTMN (Toman Base)...
2025-11-20 14:06:40,900 - INFO - worker - WORKER: Starting RAW analysis cycle...
2025-11-20 14:06:40,906 - INFO - wallex - INGEST: Requesting ETHTMN (Toman Base)...
2025-11-20 14:06:55,915 - INFO - worker - WORKER: Starting RAW analysis cycle...
2025-11-20 14:06:55,920 - INFO - wallex - INGEST: Requesting ETHTMN (Toman Base)...
2025-11-20 14:07:05,911 - INFO - worker - WORKER: Starting RAW analysis cycle...
2025-11-20 14:07:05,915 - INFO - wallex - INGEST: Requesting ETHTMN (Toman Base)...
2025-11-20 14:07:15,915 - INFO - worker - WORKER: Starting RAW analysis cycle...
2025-11-20 14:07:15,921 - INFO - wallex - INGEST: Requesting ETHTMN (Toman Base)...
2025-11-20 14:07:25,902 - INFO - worker - WORKER: Starting RAW analysis cycle...
2025-11-20 14:07:25,907 - INFO - wallex - INGEST: Requesting ETHTMN (Toman Base)...
2025-11-20 14:07:35,918 - INFO - worker - WORKER: Starting RAW analysis cycle...
2025-11-20 14:07:35,926 - INFO - wallex - INGEST: Requesting ETHTMN (Toman Base)...
2025-11-20 14:07:45,907 - INFO - worker - WORKER: Starting RAW analysis cycle...
2025-11-20 14:07:45,911 - INFO - wallex - INGEST: Requesting ETHTMN (Toman Base)...
2025-11-20 14:07:55,917 - INFO - worker - WORKER: Starting RAW analysis cycle...
2025-11-20 14:07:55,924 - INFO - wallex - INGEST: Requesting ETHTMN (Toman Base)...
2025-11-20 14:08:05,898 - INFO - worker - WORKER: Starting RAW analysis cycle...
2025-11-20 14:08:05,902 - INFO - wallex - INGEST: Requesting ETHTMN (Toman Base)...
2025-11-20 14:08:15,904 - INFO - worker - WORKER: Starting RAW analysis cycle...
2025-11-20 14:08:15,910 - INFO - wallex - INGEST: Requesting ETHTMN (Toman Base)...
2025-11-20 14:08:25,925 - INFO - worker - WORKER: Starting RAW analysis cycle...
2025-11-20 14:08:25,929 - INFO - wallex - INGEST: Requesting ETHTMN (Toman Base)...
2025-11-20 14:08:35,938 - INFO - worker - WORKER: Starting RAW analysis cycle...
2025-11-20 14:08:35,945 - INFO - wallex - INGEST: Requesting ETHTMN (Toman Base)...
2025-11-20 14:08:45,946 - INFO - worker - WORKER: Starting RAW analysis cycle...
2025-11-20 14:08:45,953 - INFO - wallex - INGEST: Requesting ETHTMN (Toman Base)...
2025-11-20 14:08:55,952 - INFO - worker - WORKER: Starting RAW analysis cycle...
2025-11-20 14:08:55,958 - INFO - wallex - INGEST: Requesting ETHTMN (Toman Base)...
2025-11-20 14:09:05,963 - INFO - worker - WORKER: Starting RAW analysis cycle...
2025-11-20 14:09:05,970 - INFO - wallex - INGEST: Requesting ETHTMN (Toman Base)...
2025-11-20 14:09:15,950 - INFO - worker - WORKER: Starting RAW analysis cycle...
2025-11-20 14:09:15,959 - INFO - wallex - INGEST: Requesting ETHTMN (Toman Base)...
2025-11-20 14:09:25,953 - INFO - worker - WORKER: Starting RAW analysis cycle...
2025-11-20 14:09:25,959 - INFO - wallex - INGEST: Requesting ETHTMN (Toman Base)...
2025-11-20 14:09:35,950 - INFO - worker - WORKER: Starting RAW analysis cycle...
2025-11-20 14:09:35,954 - INFO - wallex - INGEST: Requesting ETHTMN (Toman Base)...
2025-11-20 14:09:45,957 - INFO - worker - WORKER: Starting RAW analysis cycle...
2025-11-20 14:09:45,962 - INFO - wallex - INGEST: Requesting ETHTMN (Toman Base)...
2025-11-20 14:10:00,978 - INFO - worker - WORKER: Starting RAW analysis cycle...
2025-11-20 14:10:00,988 - INFO - wallex - INGEST: Requesting ETHTMN (Toman Base)...
2025-11-20 14:10:10,976 - INFO - worker - WORKER: Starting RAW analysis cycle...
2025-11-20 14:10:10,981 - INFO - wallex - INGEST: Requesting ETHTMN (Toman Base)...
2025-11-20 14:10:20,980 - INFO - worker - WORKER: Starting RAW analysis cycle...
2025-11-20 14:10:20,987 - INFO - wallex - INGEST: Requesting ETHTMN (Toman Base)...
2025-11-20 14:10:30,977 - INFO - worker - WORKER: Starting RAW analysis cycle...
2025-11-20 14:10:30,983 - INFO - wallex - INGEST: Requesting ETHTMN (Toman Base)...
2025-11-20 14:10:40,970 - INFO - worker - WORKER: Starting RAW analysis cycle...
2025-11-20 14:10:40,978 - INFO - wallex - INGEST: Requesting ETHTMN (Toman Base)...
2025-11-20 14:10:50,971 - INFO - worker - WORKER: Starting RAW analysis cycle...
2025-11-20 14:10:50,979 - INFO - wallex - INGEST: Requesting ETHTMN (Toman Base)...
2025-11-20 14:11:00,978 - INFO - worker - WORKER: Starting RAW analysis cycle...
2025-11-20 14:11:00,985 - INFO - wallex - INGEST: Requesting ETHTMN (Toman Base)...
2025-11-20 14:11:10,976 - INFO - worker - WORKER: Starting RAW analysis cycle...
2025-11-20 14:11:10,981 - INFO - wallex - INGEST: Requesting ETHTMN (Toman Base)...
2025-11-20 14:11:20,968 - INFO - worker - WORKER: Starting RAW analysis cycle...
2025-11-20 14:11:20,973 - INFO - wallex - INGEST: Requesting ETHTMN (Toman Base)...
2025-11-20 14:11:30,993 - INFO - worker - WORKER: Starting RAW analysis cycle...
2025-11-20 14:11:30,998 - INFO - wallex - INGEST: Requesting ETHTMN (Toman Base)...
2025-11-20 14:11:41,014 - INFO - worker - WORKER: Starting RAW analysis cycle...
2025-11-20 14:11:41,018 - INFO - wallex - INGEST: Requesting ETHTMN (Toman Base)...
2025-11-20 14:11:51,044 - INFO - worker - WORKER: Starting RAW analysis cycle...
2025-11-20 14:11:51,049 - INFO - wallex - INGEST: Requesting ETHTMN (Toman Base)...
2025-11-20 14:12:01,087 - INFO - worker - WORKER: Starting RAW analysis cycle...
2025-11-20 14:12:01,098 - INFO - wallex - INGEST: Requesting ETHTMN (Toman Base)...
2025-11-20 14:12:11,101 - INFO - worker - WORKER: Starting RAW analysis cycle...
2025-11-20 14:12:11,106 - INFO - wallex - INGEST: Requesting ETHTMN (Toman Base)...
2025-11-20 14:12:21,099 - INFO - worker - WORKER: Starting RAW analysis cycle...
2025-11-20 14:12:21,104 - INFO - wallex - INGEST: Requesting ETHTMN (Toman Base)...
2025-11-20 14:12:31,102 - INFO - worker - WORKER: Starting RAW analysis cycle...
2025-11-20 14:12:31,108 - INFO - wallex - INGEST: Requesting ETHTMN (Toman Base)...
2025-11-20 14:12:41,118 - INFO - worker - WORKER: Starting RAW analysis cycle...
2025-11-20 14:12:41,124 - INFO - wallex - INGEST: Requesting ETHTMN (Toman Base)...
2025-11-20 14:12:51,110 - INFO - worker - WORKER: Starting RAW analysis cycle...
2025-11-20 14:12:51,115 - INFO - wallex - INGEST: Requesting ETHTMN (Toman Base)...
2025-11-20 14:13:01,108 - INFO - worker - WORKER: Starting RAW analysis cycle...
2025-11-20 14:13:01,114 - INFO - wallex - INGEST: Requesting ETHTMN (Toman Base)...
2025-11-20 14:13:11,103 - INFO - worker - WORKER: Starting RAW analysis cycle...
2025-11-20 14:13:11,108 - INFO - wallex - INGEST: Requesting ETHTMN (Toman Base)...
2025-11-20 14:31:01,781 - INFO - utils - --- Logging System Initialized ---
2025-11-20 14:31:15,754 - INFO - worker - WORKER: Starting RAW analysis cycle...
2025-11-20 14:31:15,767 - INFO - wallex - INGEST: Requesting ETHTMN (Toman Base)...
2025-11-20 14:31:40,744 - INFO - worker - WORKER: Starting RAW analysis cycle...
2025-11-20 14:31:40,754 - INFO - wallex - INGEST: Requesting ETHTMN (Toman Base)...
2025-11-20 14:32:00,761 - INFO - worker - WORKER: Starting RAW analysis cycle...
2025-11-20 14:32:00,767 - INFO - wallex - INGEST: Requesting ETHTMN (Toman Base)...
2025-11-20 14:32:15,775 - INFO - worker - WORKER: Starting RAW analysis cycle...
2025-11-20 14:32:15,782 - INFO - wallex - INGEST: Requesting ETHTMN (Toman Base)...
2025-11-20 14:32:35,764 - INFO - worker - WORKER: Starting RAW analysis cycle...
2025-11-20 14:32:35,769 - INFO - wallex - INGEST: Requesting ETHTMN (Toman Base)...
2025-11-20 14:32:50,771 - INFO - worker - WORKER: Starting RAW analysis cycle...
2025-11-20 14:32:50,776 - INFO - wallex - INGEST: Requesting ETHTMN (Toman Base)...
2025-11-20 14:33:05,769 - INFO - worker - WORKER: Starting RAW analysis cycle...
2025-11-20 14:33:05,774 - INFO - wallex - INGEST: Requesting ETHTMN (Toman Base)...
2025-11-20 14:33:25,778 - INFO - worker - WORKER: Starting RAW analysis cycle...
2025-11-20 14:33:25,783 - INFO - wallex - INGEST: Requesting ETHTMN (Toman Base)...
2025-11-20 14:33:40,794 - INFO - worker - WORKER: Starting RAW analysis cycle...
2025-11-20 14:33:40,800 - INFO - wallex - INGEST: Requesting ETHTMN (Toman Base)...
2025-11-20 14:33:55,802 - INFO - worker - WORKER: Starting RAW analysis cycle...
2025-11-20 14:33:55,807 - INFO - wallex - INGEST: Requesting ETHTMN (Toman Base)...
2025-11-20 14:34:10,802 - INFO - worker - WORKER: Starting RAW analysis cycle...
2025-11-20 14:34:10,807 - INFO - wallex - INGEST: Requesting ETHTMN (Toman Base)...
2025-11-20 14:34:25,794 - INFO - worker - WORKER: Starting RAW analysis cycle...
2025-11-20 14:34:25,799 - INFO - wallex - INGEST: Requesting ETHTMN (Toman Base)...
2025-11-20 14:34:40,801 - INFO - worker - WORKER: Starting RAW analysis cycle...
2025-11-20 14:34:40,807 - INFO - wallex - INGEST: Requesting ETHTMN (Toman Base)...
2025-11-20 14:34:55,820 - INFO - worker - WORKER: Starting RAW analysis cycle...
2025-11-20 14:34:55,828 - INFO - wallex - INGEST: Requesting ETHTMN (Toman Base)...
2025-11-20 14:35:15,820 - INFO - worker - WORKER: Starting RAW analysis cycle...
2025-11-20 14:35:15,825 - INFO - wallex - INGEST: Requesting ETHTMN (Toman Base)...
2025-11-20 14:35:25,823 - INFO - worker - WORKER: Starting RAW analysis cycle...
2025-11-20 14:35:25,831 - INFO - wallex - INGEST: Requesting ETHTMN (Toman Base)...
2025-11-20 14:35:35,831 - INFO - worker - WORKER: Starting RAW analysis cycle...
2025-11-20 14:35:35,836 - INFO - wallex - INGEST: Requesting ETHTMN (Toman Base)...
2025-11-20 14:35:45,826 - INFO - worker - WORKER: Starting RAW analysis cycle...
2025-11-20 14:35:45,832 - INFO - wallex - INGEST: Requesting ETHTMN (Toman Base)...
2025-11-20 14:35:55,842 - INFO - worker - WORKER: Starting RAW analysis cycle...
2025-11-20 14:35:55,848 - INFO - wallex - INGEST: Requesting ETHTMN (Toman Base)...
2025-11-20 14:36:05,851 - INFO - worker - WORKER: Starting RAW analysis cycle...
2025-11-20 14:36:05,856 - INFO - wallex - INGEST: Requesting ETHTMN (Toman Base)...
2025-11-20 14:36:15,840 - INFO - worker - WORKER: Starting RAW analysis cycle...
2025-11-20 14:36:15,846 - INFO - wallex - INGEST: Requesting ETHTMN (Toman Base)...
2025-11-20 14:36:25,859 - INFO - worker - WORKER: Starting RAW analysis cycle...
2025-11-20 14:36:25,869 - INFO - wallex - INGEST: Requesting ETHTMN (Toman Base)...
2025-11-20 14:36:40,839 - INFO - worker - WORKER: Starting RAW analysis cycle...
2025-11-20 14:36:40,843 - INFO - wallex - INGEST: Requesting ETHTMN (Toman Base)...
2025-11-20 14:36:55,848 - INFO - worker - WORKER: Starting RAW analysis cycle...
2025-11-20 14:36:55,852 - INFO - wallex - INGEST: Requesting ETHTMN (Toman Base)...
2025-11-20 14:37:10,838 - INFO - worker - WORKER: Starting RAW analysis cycle...
2025-11-20 14:37:10,842 - INFO - wallex - INGEST: Requesting ETHTMN (Toman Base)...
2025-11-20 14:37:25,880 - INFO - worker - WORKER: Starting RAW analysis cycle...
2025-11-20 14:37:25,884 - INFO - wallex - INGEST: Requesting ETHTMN (Toman Base)...
2025-11-20 14:37:40,855 - INFO - worker - WORKER: Starting RAW analysis cycle...
2025-11-20 14:37:40,860 - INFO - wallex - INGEST: Requesting ETHTMN (Toman Base)...
2025-11-20 14:37:55,854 - INFO - worker - WORKER: Starting RAW analysis cycle...
2025-11-20 14:37:55,858 - INFO - wallex - INGEST: Requesting ETHTMN (Toman Base)...
2025-11-20 14:38:10,857 - INFO - worker - WORKER: Starting RAW analysis cycle...
2025-11-20 14:38:10,864 - INFO - wallex - INGEST: Requesting ETHTMN (Toman Base)...
2025-11-20 14:38:25,854 - INFO - worker - WORKER: Starting RAW analysis cycle...
2025-11-20 14:38:25,858 - INFO - wallex - INGEST: Requesting ETHTMN (Toman Base)...
2025-11-20 14:38:45,879 - INFO - worker - WORKER: Starting RAW analysis cycle...
2025-11-20 14:38:45,884 - INFO - wallex - INGEST: Requesting ETHTMN (Toman Base)...
2025-11-20 14:39:05,887 - INFO - worker - WORKER: Starting RAW analysis cycle...
2025-11-20 14:39:05,891 - INFO - wallex - INGEST: Requesting ETHTMN (Toman Base)...
2025-11-20 14:39:20,907 - INFO - worker - WORKER: Starting RAW analysis cycle...
2025-11-20 14:39:20,913 - INFO - wallex - INGEST: Requesting ETHTMN (Toman Base)...
2025-11-20 14:39:35,913 - INFO - worker - WORKER: Starting RAW analysis cycle...
2025-11-20 14:39:35,917 - INFO - wallex - INGEST: Requesting ETHTMN (Toman Base)...
2025-11-20 14:39:50,933 - INFO - worker - WORKER: Starting RAW analysis cycle...
2025-11-20 14:39:50,937 - INFO - wallex - INGEST: Requesting ETHTMN (Toman Base)...
2025-11-20 14:40:05,957 - INFO - worker - WORKER: Starting RAW analysis cycle...
2025-11-20 14:40:05,962 - INFO - wallex - INGEST: Requesting ETHTMN (Toman Base)...
2025-11-20 14:40:20,964 - INFO - worker - WORKER: Starting RAW analysis cycle...
2025-11-20 14:40:20,970 - INFO - wallex - INGEST: Requesting ETHTMN (Toman Base)...
2025-11-20 14:40:35,973 - INFO - worker - WORKER: Starting RAW analysis cycle...
2025-11-20 14:40:35,980 - INFO - wallex - INGEST: Requesting ETHTMN (Toman Base)...
2025-11-20 14:40:45,962 - INFO - worker - WORKER: Starting RAW analysis cycle...
2025-11-20 14:40:45,966 - INFO - wallex - INGEST: Requesting ETHTMN (Toman Base)...
2025-11-20 14:40:55,973 - INFO - worker - WORKER: Starting RAW analysis cycle...
2025-11-20 14:40:55,979 - INFO - wallex - INGEST: Requesting ETHTMN (Toman Base)...
2025-11-20 14:41:05,965 - INFO - worker - WORKER: Starting RAW analysis cycle...
2025-11-20 14:41:05,972 - INFO - wallex - INGEST: Requesting ETHTMN (Toman Base)...
2025-11-20 14:41:15,973 - INFO - worker - WORKER: Starting RAW analysis cycle...
2025-11-20 14:41:15,978 - INFO - wallex - INGEST: Requesting ETHTMN (Toman Base)...
2025-11-20 14:41:35,991 - INFO - worker - WORKER: Starting RAW analysis cycle...
2025-11-20 14:41:35,996 - INFO - wallex - INGEST: Requesting ETHTMN (Toman Base)...
2025-11-20 14:42:00,986 - INFO - worker - WORKER: Starting RAW analysis cycle...
2025-11-20 14:42:00,990 - INFO - wallex - INGEST: Requesting ETHTMN (Toman Base)...
2025-11-20 14:42:20,989 - INFO - worker - WORKER: Starting RAW analysis cycle...
2025-11-20 14:42:20,995 - INFO - wallex - INGEST: Requesting ETHTMN (Toman Base)...
2025-11-20 14:42:35,990 - INFO - worker - WORKER: Starting RAW analysis cycle...
2025-11-20 14:42:35,998 - INFO - wallex - INGEST: Requesting ETHTMN (Toman Base)...
2025-11-20 14:42:50,980 - INFO - worker - WORKER: Starting RAW analysis cycle...
2025-11-20 14:42:50,987 - INFO - wallex - INGEST: Requesting ETHTMN (Toman Base)...
2025-11-20 14:43:12,997 - ERROR - sentiment - NLP Error: HTTPSConnectionPool(host='cointelegraph.com', port=443): Read timed out. (read timeout=5)
2025-11-20 14:43:12,998 - WARNING - sentiment - NLP: No real news fetched. Returning empty list.
2025-11-20 14:43:15,990 - INFO - worker - WORKER: Starting RAW analysis cycle...
2025-11-20 14:43:15,996 - INFO - wallex - INGEST: Requesting ETHTMN (Toman Base)...
2025-11-20 14:43:41,014 - INFO - worker - WORKER: Starting RAW analysis cycle...
2025-11-20 14:43:41,021 - INFO - wallex - INGEST: Requesting ETHTMN (Toman Base)...
2025-11-20 14:43:56,021 - INFO - worker - WORKER: Starting RAW analysis cycle...
2025-11-20 14:43:56,025 - INFO - wallex - INGEST: Requesting ETHTMN (Toman Base)...
2025-11-20 14:44:16,021 - INFO - worker - WORKER: Starting RAW analysis cycle...
2025-11-20 14:44:16,027 - INFO - wallex - INGEST: Requesting ETHTMN (Toman Base)...
2025-11-20 14:44:36,724 - ERROR - sentiment - NLP Error: ('Connection aborted.', ConnectionResetError(10054, 'An existing connection was forcibly closed by the remote host', None, 10054, None))
2025-11-20 14:44:36,725 - WARNING - sentiment - NLP: No real news fetched. Returning empty list.
2025-11-20 14:44:41,026 - INFO - worker - WORKER: Starting RAW analysis cycle...
2025-11-20 14:44:41,031 - INFO - wallex - INGEST: Requesting ETHTMN (Toman Base)...
2025-11-20 14:45:01,027 - INFO - worker - WORKER: Starting RAW analysis cycle...
2025-11-20 14:45:01,032 - INFO - wallex - INGEST: Requesting ETHTMN (Toman Base)...
2025-11-20 14:45:31,049 - INFO - worker - WORKER: Starting RAW analysis cycle...
2025-11-20 14:45:31,057 - INFO - wallex - INGEST: Requesting ETHTMN (Toman Base)...
2025-11-20 14:45:46,259 - CRITICAL - wallex - WALLEX FAIL: 
2025-11-20 14:45:46,261 - ERROR - worker - WORKER ERROR: 
Traceback (most recent call last):
  File "C:\Users\Sych\AppData\Local\Programs\Python\Python312\Lib\site-packages\aiohttp\streams.py", line 355, in _wait
    await waiter
asyncio.exceptions.CancelledError

The above exception was the direct cause of the following exception:

Traceback (most recent call last):
  File "D:\project\project_root\src\ui\worker.py", line 44, in run
    live_df = loop.run_until_complete(self._fetch_data())
              ^^^^^^^^^^^^^^^^^^^^^^^^^^^^^^^^^^^^^^^^^^^
  File "C:\Users\Sych\AppData\Local\Programs\Python\Python312\Lib\asyncio\base_events.py", line 687, in run_until_complete
    return future.result()
           ^^^^^^^^^^^^^^^
  File "D:\project\project_root\src\ui\worker.py", line 137, in _fetch_data
    return await exchange.fetch_ohlcv(self.symbol, timeframe="1h", limit=2000)
           ^^^^^^^^^^^^^^^^^^^^^^^^^^^^^^^^^^^^^^^^^^^^^^^^^^^^^^^^^^^^^^^^^^^
  File "D:\project\project_root\src\ingest\wallex.py", line 46, in fetch_ohlcv
    data = await response.json()
           ^^^^^^^^^^^^^^^^^^^^^
  File "C:\Users\Sych\AppData\Local\Programs\Python\Python312\Lib\site-packages\aiohttp\client_reqrep.py", line 751, in json
    await self.read()
  File "C:\Users\Sych\AppData\Local\Programs\Python\Python312\Lib\site-packages\aiohttp\client_reqrep.py", line 693, in read
    self._body = await self.content.read()
                 ^^^^^^^^^^^^^^^^^^^^^^^^^
  File "C:\Users\Sych\AppData\Local\Programs\Python\Python312\Lib\site-packages\aiohttp\streams.py", line 426, in read
    block = await self.readany()
            ^^^^^^^^^^^^^^^^^^^^
  File "C:\Users\Sych\AppData\Local\Programs\Python\Python312\Lib\site-packages\aiohttp\streams.py", line 448, in readany
    await self._wait("readany")
  File "C:\Users\Sych\AppData\Local\Programs\Python\Python312\Lib\site-packages\aiohttp\streams.py", line 354, in _wait
    with self._timer:
  File "C:\Users\Sych\AppData\Local\Programs\Python\Python312\Lib\site-packages\aiohttp\helpers.py", line 713, in __exit__
    raise asyncio.TimeoutError from exc_val
TimeoutError
2025-11-20 14:45:51,041 - INFO - worker - WORKER: Starting RAW analysis cycle...
2025-11-20 14:45:51,047 - INFO - wallex - INGEST: Requesting ETHTMN (Toman Base)...
2025-11-20 14:46:06,263 - CRITICAL - wallex - WALLEX FAIL: 
2025-11-20 14:46:06,264 - ERROR - worker - WORKER ERROR: 
Traceback (most recent call last):
  File "C:\Users\Sych\AppData\Local\Programs\Python\Python312\Lib\site-packages\aiohttp\client_reqrep.py", line 539, in start
    message, payload = await protocol.read()  # type: ignore[union-attr]
                       ^^^^^^^^^^^^^^^^^^^^^
  File "C:\Users\Sych\AppData\Local\Programs\Python\Python312\Lib\site-packages\aiohttp\streams.py", line 680, in read
    await self._waiter
asyncio.exceptions.CancelledError

The above exception was the direct cause of the following exception:

Traceback (most recent call last):
  File "D:\project\project_root\src\ui\worker.py", line 44, in run
    live_df = loop.run_until_complete(self._fetch_data())
              ^^^^^^^^^^^^^^^^^^^^^^^^^^^^^^^^^^^^^^^^^^^
  File "C:\Users\Sych\AppData\Local\Programs\Python\Python312\Lib\asyncio\base_events.py", line 687, in run_until_complete
    return future.result()
           ^^^^^^^^^^^^^^^
  File "D:\project\project_root\src\ui\worker.py", line 137, in _fetch_data
    return await exchange.fetch_ohlcv(self.symbol, timeframe="1h", limit=2000)
           ^^^^^^^^^^^^^^^^^^^^^^^^^^^^^^^^^^^^^^^^^^^^^^^^^^^^^^^^^^^^^^^^^^^
  File "D:\project\project_root\src\ingest\wallex.py", line 44, in fetch_ohlcv
    async with self.session.get(self.base_url, params=params, timeout=15) as response:
  File "C:\Users\Sych\AppData\Local\Programs\Python\Python312\Lib\site-packages\aiohttp\client.py", line 1510, in __aenter__
    self._resp: _RetType = await self._coro
                           ^^^^^^^^^^^^^^^^
  File "C:\Users\Sych\AppData\Local\Programs\Python\Python312\Lib\site-packages\aiohttp\client.py", line 779, in _request
    resp = await handler(req)
           ^^^^^^^^^^^^^^^^^^
  File "C:\Users\Sych\AppData\Local\Programs\Python\Python312\Lib\site-packages\aiohttp\client.py", line 757, in _connect_and_send_request
    await resp.start(conn)
  File "C:\Users\Sych\AppData\Local\Programs\Python\Python312\Lib\site-packages\aiohttp\client_reqrep.py", line 534, in start
    with self._timer:
  File "C:\Users\Sych\AppData\Local\Programs\Python\Python312\Lib\site-packages\aiohttp\helpers.py", line 713, in __exit__
    raise asyncio.TimeoutError from exc_val
TimeoutError
2025-11-20 14:46:11,043 - INFO - worker - WORKER: Starting RAW analysis cycle...
2025-11-20 14:46:11,049 - INFO - wallex - INGEST: Requesting ETHTMN (Toman Base)...
2025-11-20 14:46:36,060 - INFO - worker - WORKER: Starting RAW analysis cycle...
2025-11-20 14:46:36,066 - INFO - wallex - INGEST: Requesting ETHTMN (Toman Base)...
2025-11-20 14:47:16,063 - INFO - worker - WORKER: Starting RAW analysis cycle...
2025-11-20 14:47:16,070 - INFO - wallex - INGEST: Requesting ETHTMN (Toman Base)...
2025-11-20 14:47:31,254 - CRITICAL - wallex - WALLEX FAIL: 
2025-11-20 14:47:31,255 - ERROR - worker - WORKER ERROR: 
Traceback (most recent call last):
  File "C:\Users\Sych\AppData\Local\Programs\Python\Python312\Lib\site-packages\aiohttp\streams.py", line 355, in _wait
    await waiter
asyncio.exceptions.CancelledError

The above exception was the direct cause of the following exception:

Traceback (most recent call last):
  File "D:\project\project_root\src\ui\worker.py", line 44, in run
    live_df = loop.run_until_complete(self._fetch_data())
              ^^^^^^^^^^^^^^^^^^^^^^^^^^^^^^^^^^^^^^^^^^^
  File "C:\Users\Sych\AppData\Local\Programs\Python\Python312\Lib\asyncio\base_events.py", line 687, in run_until_complete
    return future.result()
           ^^^^^^^^^^^^^^^
  File "D:\project\project_root\src\ui\worker.py", line 137, in _fetch_data
    return await exchange.fetch_ohlcv(self.symbol, timeframe="1h", limit=2000)
           ^^^^^^^^^^^^^^^^^^^^^^^^^^^^^^^^^^^^^^^^^^^^^^^^^^^^^^^^^^^^^^^^^^^
  File "D:\project\project_root\src\ingest\wallex.py", line 46, in fetch_ohlcv
    data = await response.json()
           ^^^^^^^^^^^^^^^^^^^^^
  File "C:\Users\Sych\AppData\Local\Programs\Python\Python312\Lib\site-packages\aiohttp\client_reqrep.py", line 751, in json
    await self.read()
  File "C:\Users\Sych\AppData\Local\Programs\Python\Python312\Lib\site-packages\aiohttp\client_reqrep.py", line 693, in read
    self._body = await self.content.read()
                 ^^^^^^^^^^^^^^^^^^^^^^^^^
  File "C:\Users\Sych\AppData\Local\Programs\Python\Python312\Lib\site-packages\aiohttp\streams.py", line 426, in read
    block = await self.readany()
            ^^^^^^^^^^^^^^^^^^^^
  File "C:\Users\Sych\AppData\Local\Programs\Python\Python312\Lib\site-packages\aiohttp\streams.py", line 448, in readany
    await self._wait("readany")
  File "C:\Users\Sych\AppData\Local\Programs\Python\Python312\Lib\site-packages\aiohttp\streams.py", line 354, in _wait
    with self._timer:
  File "C:\Users\Sych\AppData\Local\Programs\Python\Python312\Lib\site-packages\aiohttp\helpers.py", line 713, in __exit__
    raise asyncio.TimeoutError from exc_val
TimeoutError
2025-11-20 14:47:36,091 - INFO - worker - WORKER: Starting RAW analysis cycle...
2025-11-20 14:47:36,097 - INFO - wallex - INGEST: Requesting ETHTMN (Toman Base)...
2025-11-20 14:47:51,252 - CRITICAL - wallex - WALLEX FAIL: 
2025-11-20 14:47:51,255 - ERROR - worker - WORKER ERROR: 
Traceback (most recent call last):
  File "C:\Users\Sych\AppData\Local\Programs\Python\Python312\Lib\site-packages\aiohttp\client.py", line 779, in _request
    resp = await handler(req)
           ^^^^^^^^^^^^^^^^^^
  File "C:\Users\Sych\AppData\Local\Programs\Python\Python312\Lib\site-packages\aiohttp\client.py", line 734, in _connect_and_send_request
    conn = await self._connector.connect(
           ^^^^^^^^^^^^^^^^^^^^^^^^^^^^^^
  File "C:\Users\Sych\AppData\Local\Programs\Python\Python312\Lib\site-packages\aiohttp\connector.py", line 642, in connect
    proto = await self._create_connection(req, traces, timeout)
            ^^^^^^^^^^^^^^^^^^^^^^^^^^^^^^^^^^^^^^^^^^^^^^^^^^^
  File "C:\Users\Sych\AppData\Local\Programs\Python\Python312\Lib\site-packages\aiohttp\connector.py", line 1209, in _create_connection
    _, proto = await self._create_direct_connection(req, traces, timeout)
               ^^^^^^^^^^^^^^^^^^^^^^^^^^^^^^^^^^^^^^^^^^^^^^^^^^^^^^^^^^
  File "C:\Users\Sych\AppData\Local\Programs\Python\Python312\Lib\site-packages\aiohttp\connector.py", line 1550, in _create_direct_connection
    transp, proto = await self._wrap_create_connection(
                    ^^^^^^^^^^^^^^^^^^^^^^^^^^^^^^^^^^^
  File "C:\Users\Sych\AppData\Local\Programs\Python\Python312\Lib\site-packages\aiohttp\connector.py", line 1283, in _wrap_create_connection
    return await self._loop.create_connection(*args, **kwargs, sock=sock)
           ^^^^^^^^^^^^^^^^^^^^^^^^^^^^^^^^^^^^^^^^^^^^^^^^^^^^^^^^^^^^^^
  File "C:\Users\Sych\AppData\Local\Programs\Python\Python312\Lib\asyncio\base_events.py", line 1149, in create_connection
    transport, protocol = await self._create_connection_transport(
                          ^^^^^^^^^^^^^^^^^^^^^^^^^^^^^^^^^^^^^^^^
  File "C:\Users\Sych\AppData\Local\Programs\Python\Python312\Lib\asyncio\base_events.py", line 1182, in _create_connection_transport
    await waiter
asyncio.exceptions.CancelledError

The above exception was the direct cause of the following exception:

Traceback (most recent call last):
  File "D:\project\project_root\src\ui\worker.py", line 44, in run
    live_df = loop.run_until_complete(self._fetch_data())
              ^^^^^^^^^^^^^^^^^^^^^^^^^^^^^^^^^^^^^^^^^^^
  File "C:\Users\Sych\AppData\Local\Programs\Python\Python312\Lib\asyncio\base_events.py", line 687, in run_until_complete
    return future.result()
           ^^^^^^^^^^^^^^^
  File "D:\project\project_root\src\ui\worker.py", line 137, in _fetch_data
    return await exchange.fetch_ohlcv(self.symbol, timeframe="1h", limit=2000)
           ^^^^^^^^^^^^^^^^^^^^^^^^^^^^^^^^^^^^^^^^^^^^^^^^^^^^^^^^^^^^^^^^^^^
  File "D:\project\project_root\src\ingest\wallex.py", line 44, in fetch_ohlcv
    async with self.session.get(self.base_url, params=params, timeout=15) as response:
  File "C:\Users\Sych\AppData\Local\Programs\Python\Python312\Lib\site-packages\aiohttp\client.py", line 1510, in __aenter__
    self._resp: _RetType = await self._coro
                           ^^^^^^^^^^^^^^^^
  File "C:\Users\Sych\AppData\Local\Programs\Python\Python312\Lib\site-packages\aiohttp\client.py", line 624, in _request
    with timer:
  File "C:\Users\Sych\AppData\Local\Programs\Python\Python312\Lib\site-packages\aiohttp\helpers.py", line 713, in __exit__
    raise asyncio.TimeoutError from exc_val
TimeoutError
2025-11-20 14:47:56,093 - INFO - worker - WORKER: Starting RAW analysis cycle...
2025-11-20 14:47:56,098 - INFO - wallex - INGEST: Requesting ETHTMN (Toman Base)...
2025-11-20 14:48:11,253 - CRITICAL - wallex - WALLEX FAIL: 
2025-11-20 14:48:11,255 - ERROR - worker - WORKER ERROR: 
Traceback (most recent call last):
  File "C:\Users\Sych\AppData\Local\Programs\Python\Python312\Lib\site-packages\aiohttp\streams.py", line 355, in _wait
    await waiter
asyncio.exceptions.CancelledError

The above exception was the direct cause of the following exception:

Traceback (most recent call last):
  File "D:\project\project_root\src\ui\worker.py", line 44, in run
    live_df = loop.run_until_complete(self._fetch_data())
              ^^^^^^^^^^^^^^^^^^^^^^^^^^^^^^^^^^^^^^^^^^^
  File "C:\Users\Sych\AppData\Local\Programs\Python\Python312\Lib\asyncio\base_events.py", line 687, in run_until_complete
    return future.result()
           ^^^^^^^^^^^^^^^
  File "D:\project\project_root\src\ui\worker.py", line 137, in _fetch_data
    return await exchange.fetch_ohlcv(self.symbol, timeframe="1h", limit=2000)
           ^^^^^^^^^^^^^^^^^^^^^^^^^^^^^^^^^^^^^^^^^^^^^^^^^^^^^^^^^^^^^^^^^^^
  File "D:\project\project_root\src\ingest\wallex.py", line 46, in fetch_ohlcv
    data = await response.json()
           ^^^^^^^^^^^^^^^^^^^^^
  File "C:\Users\Sych\AppData\Local\Programs\Python\Python312\Lib\site-packages\aiohttp\client_reqrep.py", line 751, in json
    await self.read()
  File "C:\Users\Sych\AppData\Local\Programs\Python\Python312\Lib\site-packages\aiohttp\client_reqrep.py", line 693, in read
    self._body = await self.content.read()
                 ^^^^^^^^^^^^^^^^^^^^^^^^^
  File "C:\Users\Sych\AppData\Local\Programs\Python\Python312\Lib\site-packages\aiohttp\streams.py", line 426, in read
    block = await self.readany()
            ^^^^^^^^^^^^^^^^^^^^
  File "C:\Users\Sych\AppData\Local\Programs\Python\Python312\Lib\site-packages\aiohttp\streams.py", line 448, in readany
    await self._wait("readany")
  File "C:\Users\Sych\AppData\Local\Programs\Python\Python312\Lib\site-packages\aiohttp\streams.py", line 354, in _wait
    with self._timer:
  File "C:\Users\Sych\AppData\Local\Programs\Python\Python312\Lib\site-packages\aiohttp\helpers.py", line 713, in __exit__
    raise asyncio.TimeoutError from exc_val
TimeoutError
2025-11-20 14:48:16,100 - INFO - worker - WORKER: Starting RAW analysis cycle...
2025-11-20 14:48:16,105 - INFO - wallex - INGEST: Requesting ETHTMN (Toman Base)...
2025-11-20 14:48:31,254 - CRITICAL - wallex - WALLEX FAIL: 
2025-11-20 14:48:31,255 - ERROR - worker - WORKER ERROR: 
Traceback (most recent call last):
  File "C:\Users\Sych\AppData\Local\Programs\Python\Python312\Lib\site-packages\aiohttp\client_reqrep.py", line 539, in start
    message, payload = await protocol.read()  # type: ignore[union-attr]
                       ^^^^^^^^^^^^^^^^^^^^^
  File "C:\Users\Sych\AppData\Local\Programs\Python\Python312\Lib\site-packages\aiohttp\streams.py", line 680, in read
    await self._waiter
asyncio.exceptions.CancelledError

The above exception was the direct cause of the following exception:

Traceback (most recent call last):
  File "D:\project\project_root\src\ui\worker.py", line 44, in run
    live_df = loop.run_until_complete(self._fetch_data())
              ^^^^^^^^^^^^^^^^^^^^^^^^^^^^^^^^^^^^^^^^^^^
  File "C:\Users\Sych\AppData\Local\Programs\Python\Python312\Lib\asyncio\base_events.py", line 687, in run_until_complete
    return future.result()
           ^^^^^^^^^^^^^^^
  File "D:\project\project_root\src\ui\worker.py", line 137, in _fetch_data
    return await exchange.fetch_ohlcv(self.symbol, timeframe="1h", limit=2000)
           ^^^^^^^^^^^^^^^^^^^^^^^^^^^^^^^^^^^^^^^^^^^^^^^^^^^^^^^^^^^^^^^^^^^
  File "D:\project\project_root\src\ingest\wallex.py", line 44, in fetch_ohlcv
    async with self.session.get(self.base_url, params=params, timeout=15) as response:
  File "C:\Users\Sych\AppData\Local\Programs\Python\Python312\Lib\site-packages\aiohttp\client.py", line 1510, in __aenter__
    self._resp: _RetType = await self._coro
                           ^^^^^^^^^^^^^^^^
  File "C:\Users\Sych\AppData\Local\Programs\Python\Python312\Lib\site-packages\aiohttp\client.py", line 779, in _request
    resp = await handler(req)
           ^^^^^^^^^^^^^^^^^^
  File "C:\Users\Sych\AppData\Local\Programs\Python\Python312\Lib\site-packages\aiohttp\client.py", line 757, in _connect_and_send_request
    await resp.start(conn)
  File "C:\Users\Sych\AppData\Local\Programs\Python\Python312\Lib\site-packages\aiohttp\client_reqrep.py", line 534, in start
    with self._timer:
  File "C:\Users\Sych\AppData\Local\Programs\Python\Python312\Lib\site-packages\aiohttp\helpers.py", line 713, in __exit__
    raise asyncio.TimeoutError from exc_val
TimeoutError
2025-11-20 14:48:36,098 - INFO - worker - WORKER: Starting RAW analysis cycle...
2025-11-20 14:48:36,105 - INFO - wallex - INGEST: Requesting ETHTMN (Toman Base)...
2025-11-20 14:49:01,102 - INFO - worker - WORKER: Starting RAW analysis cycle...
2025-11-20 14:49:01,109 - INFO - wallex - INGEST: Requesting ETHTMN (Toman Base)...
2025-11-20 14:49:27,569 - ERROR - wallex - MACRO ERROR: HTTPSConnectionPool(host='api.wallex.ir', port=443): Read timed out. (read timeout=10)
2025-11-20 14:49:46,125 - INFO - worker - WORKER: Starting RAW analysis cycle...
2025-11-20 14:49:46,132 - INFO - wallex - INGEST: Requesting ETHTMN (Toman Base)...
2025-11-20 14:50:01,252 - CRITICAL - wallex - WALLEX FAIL: 
2025-11-20 14:50:01,253 - ERROR - worker - WORKER ERROR: 
Traceback (most recent call last):
  File "C:\Users\Sych\AppData\Local\Programs\Python\Python312\Lib\site-packages\aiohttp\streams.py", line 355, in _wait
    await waiter
asyncio.exceptions.CancelledError

The above exception was the direct cause of the following exception:

Traceback (most recent call last):
  File "D:\project\project_root\src\ui\worker.py", line 44, in run
    live_df = loop.run_until_complete(self._fetch_data())
              ^^^^^^^^^^^^^^^^^^^^^^^^^^^^^^^^^^^^^^^^^^^
  File "C:\Users\Sych\AppData\Local\Programs\Python\Python312\Lib\asyncio\base_events.py", line 687, in run_until_complete
    return future.result()
           ^^^^^^^^^^^^^^^
  File "D:\project\project_root\src\ui\worker.py", line 137, in _fetch_data
    return await exchange.fetch_ohlcv(self.symbol, timeframe="1h", limit=2000)
           ^^^^^^^^^^^^^^^^^^^^^^^^^^^^^^^^^^^^^^^^^^^^^^^^^^^^^^^^^^^^^^^^^^^
  File "D:\project\project_root\src\ingest\wallex.py", line 46, in fetch_ohlcv
    data = await response.json()
           ^^^^^^^^^^^^^^^^^^^^^
  File "C:\Users\Sych\AppData\Local\Programs\Python\Python312\Lib\site-packages\aiohttp\client_reqrep.py", line 751, in json
    await self.read()
  File "C:\Users\Sych\AppData\Local\Programs\Python\Python312\Lib\site-packages\aiohttp\client_reqrep.py", line 693, in read
    self._body = await self.content.read()
                 ^^^^^^^^^^^^^^^^^^^^^^^^^
  File "C:\Users\Sych\AppData\Local\Programs\Python\Python312\Lib\site-packages\aiohttp\streams.py", line 426, in read
    block = await self.readany()
            ^^^^^^^^^^^^^^^^^^^^
  File "C:\Users\Sych\AppData\Local\Programs\Python\Python312\Lib\site-packages\aiohttp\streams.py", line 448, in readany
    await self._wait("readany")
  File "C:\Users\Sych\AppData\Local\Programs\Python\Python312\Lib\site-packages\aiohttp\streams.py", line 354, in _wait
    with self._timer:
  File "C:\Users\Sych\AppData\Local\Programs\Python\Python312\Lib\site-packages\aiohttp\helpers.py", line 713, in __exit__
    raise asyncio.TimeoutError from exc_val
TimeoutError
2025-11-20 14:50:06,122 - INFO - worker - WORKER: Starting RAW analysis cycle...
2025-11-20 14:50:06,128 - INFO - wallex - INGEST: Requesting ETHTMN (Toman Base)...
2025-11-20 14:50:26,125 - INFO - worker - WORKER: Starting RAW analysis cycle...
2025-11-20 14:50:26,131 - INFO - wallex - INGEST: Requesting ETHTMN (Toman Base)...
2025-11-20 14:50:41,135 - INFO - worker - WORKER: Starting RAW analysis cycle...
2025-11-20 14:50:41,141 - INFO - wallex - INGEST: Requesting ETHTMN (Toman Base)...
2025-11-20 14:50:56,131 - INFO - worker - WORKER: Starting RAW analysis cycle...
2025-11-20 14:50:56,137 - INFO - wallex - INGEST: Requesting ETHTMN (Toman Base)...
